Flow report for TopLevel
Mon Apr 22 23:50:07 2024
Quartus II 64-Bit Version 13.1.0 Build 162 10/23/2013 SJ Web Edition


---------------------
; Table of Contents ;
---------------------
  1. Legal Notice
  2. Flow Summary
  3. Flow Settings
  4. Flow Non-Default Global Settings
  5. Flow Elapsed Time
  6. Flow OS Summary
  7. Flow Log
  8. Flow Messages
  9. Flow Suppressed Messages



----------------
; Legal Notice ;
----------------
Copyright (C) 1991-2013 Altera Corporation
Your use of Altera Corporation's design tools, logic functions 
and other software and tools, and its AMPP partner logic 
functions, and any output files from any of the foregoing 
(including device programming or simulation files), and any 
associated documentation or information are expressly subject 
to the terms and conditions of the Altera Program License 
Subscription Agreement, Altera MegaCore Function License 
Agreement, or other applicable license agreement, including, 
without limitation, that your use is for the sole purpose of 
programming logic devices manufactured by Altera and sold by 
Altera or its authorized distributors.  Please refer to the 
applicable agreement for further details.



+---------------------------------------------------------------------------------+
; Flow Summary                                                                    ;
+------------------------------------+--------------------------------------------+
; Flow Status                        ; Successful - Mon Apr 22 23:50:07 2024      ;
; Quartus II 64-Bit Version          ; 13.1.0 Build 162 10/23/2013 SJ Web Edition ;
; Revision Name                      ; TopLevel                                   ;
; Top-level Entity Name              ; TopLevel                                   ;
; Family                             ; Cyclone IV E                               ;
; Device                             ; EP4CE115F29C7                              ;
; Timing Models                      ; Final                                      ;
; Total logic elements               ; 2,554 / 114,480 ( 2 % )                    ;
;     Total combinational functions  ; 2,396 / 114,480 ( 2 % )                    ;
;     Dedicated logic registers      ; 1,255 / 114,480 ( 1 % )                    ;
; Total registers                    ; 1255                                       ;
; Total pins                         ; 1 / 529 ( < 1 % )                          ;
; Total virtual pins                 ; 0                                          ;
; Total memory bits                  ; 2,108,416 / 3,981,312 ( 53 % )             ;
; Embedded Multiplier 9-bit elements ; 0 / 532 ( 0 % )                            ;
; Total PLLs                         ; 0 / 4 ( 0 % )                              ;
+------------------------------------+--------------------------------------------+


+-----------------------------------------+
; Flow Settings                           ;
+-------------------+---------------------+
; Option            ; Setting             ;
+-------------------+---------------------+
; Start date & time ; 04/22/2024 23:49:03 ;
; Main task         ; Compilation         ;
; Revision Name     ; TopLevel            ;
+-------------------+---------------------+


+-----------------------------------------------------------------------------------------------------------------------------------------------------------------------------------------+
; Flow Non-Default Global Settings                                                                                                                                                        ;
+-------------------------------------+-----------------------------------------------------------+---------------+------------------------------------------------------+----------------+
; Assignment Name                     ; Value                                                     ; Default Value ; Entity Name                                          ; Section Id     ;
+-------------------------------------+-----------------------------------------------------------+---------------+------------------------------------------------------+----------------+
; COMPILER_SIGNATURE_ID               ; 92384137426708.171380994307048                            ; --            ; --                                                   ; --             ;
; EDA_OUTPUT_DATA_FORMAT              ; Vhdl                                                      ; --            ; --                                                   ; eda_simulation ;
; EDA_SIMULATION_TOOL                 ; ModelSim-Altera (VHDL)                                    ; <None>        ; --                                                   ; --             ;
; IP_TOOL_ENV                         ; Qsys                                                      ; --            ; CRC_SoC                                              ; --             ;
; IP_TOOL_ENV                         ; Qsys                                                      ; --            ; CRC_SoC_cpu                                          ; --             ;
; IP_TOOL_ENV                         ; Qsys                                                      ; --            ; CRC_SoC_cpu_custom_instruction_master_multi_xconnect ; --             ;
; IP_TOOL_ENV                         ; Qsys                                                      ; --            ; CRC_SoC_irq_mapper                                   ; --             ;
; IP_TOOL_ENV                         ; Qsys                                                      ; --            ; CRC_SoC_jtag_uart_0                                  ; --             ;
; IP_TOOL_ENV                         ; Qsys                                                      ; --            ; CRC_SoC_mm_interconnect_0                            ; --             ;
; IP_TOOL_ENV                         ; Qsys                                                      ; --            ; CRC_SoC_mm_interconnect_0_addr_router                ; --             ;
; IP_TOOL_ENV                         ; Qsys                                                      ; --            ; CRC_SoC_mm_interconnect_0_addr_router_001            ; --             ;
; IP_TOOL_ENV                         ; Qsys                                                      ; --            ; CRC_SoC_mm_interconnect_0_cmd_xbar_demux             ; --             ;
; IP_TOOL_ENV                         ; Qsys                                                      ; --            ; CRC_SoC_mm_interconnect_0_cmd_xbar_demux_001         ; --             ;
; IP_TOOL_ENV                         ; Qsys                                                      ; --            ; CRC_SoC_mm_interconnect_0_cmd_xbar_mux               ; --             ;
; IP_TOOL_ENV                         ; Qsys                                                      ; --            ; CRC_SoC_mm_interconnect_0_cmd_xbar_mux_002           ; --             ;
; IP_TOOL_ENV                         ; Qsys                                                      ; --            ; CRC_SoC_mm_interconnect_0_id_router                  ; --             ;
; IP_TOOL_ENV                         ; Qsys                                                      ; --            ; CRC_SoC_mm_interconnect_0_id_router_002              ; --             ;
; IP_TOOL_ENV                         ; Qsys                                                      ; --            ; CRC_SoC_mm_interconnect_0_rsp_xbar_demux_002         ; --             ;
; IP_TOOL_ENV                         ; Qsys                                                      ; --            ; CRC_SoC_mm_interconnect_0_rsp_xbar_mux               ; --             ;
; IP_TOOL_ENV                         ; Qsys                                                      ; --            ; CRC_SoC_mm_interconnect_0_rsp_xbar_mux_001           ; --             ;
; IP_TOOL_ENV                         ; Qsys                                                      ; --            ; CRC_SoC_onchip_mem                                   ; --             ;
; IP_TOOL_ENV                         ; Qsys                                                      ; --            ; CRC_SoC_sysid                                        ; --             ;
; IP_TOOL_ENV                         ; Qsys                                                      ; --            ; CRC_SoC_timer                                        ; --             ;
; IP_TOOL_ENV                         ; Qsys                                                      ; --            ; CRC_SoC_timer_alt                                    ; --             ;
; IP_TOOL_ENV                         ; Qsys                                                      ; --            ; altera_avalon_sc_fifo                                ; --             ;
; IP_TOOL_ENV                         ; Qsys                                                      ; --            ; altera_customins_master_translator                   ; --             ;
; IP_TOOL_ENV                         ; Qsys                                                      ; --            ; altera_customins_slave_translator                    ; --             ;
; IP_TOOL_ENV                         ; Qsys                                                      ; --            ; altera_merlin_master_agent                           ; --             ;
; IP_TOOL_ENV                         ; Qsys                                                      ; --            ; altera_merlin_master_translator                      ; --             ;
; IP_TOOL_ENV                         ; Qsys                                                      ; --            ; altera_merlin_slave_agent                            ; --             ;
; IP_TOOL_ENV                         ; Qsys                                                      ; --            ; altera_merlin_slave_translator                       ; --             ;
; IP_TOOL_ENV                         ; Qsys                                                      ; --            ; altera_reset_controller                              ; --             ;
; IP_TOOL_NAME                        ; Qsys                                                      ; --            ; CRC_SoC                                              ; --             ;
; IP_TOOL_NAME                        ; altera_nios2_qsys                                         ; --            ; CRC_SoC_cpu                                          ; --             ;
; IP_TOOL_NAME                        ; altera_customins_xconnect                                 ; --            ; CRC_SoC_cpu_custom_instruction_master_multi_xconnect ; --             ;
; IP_TOOL_NAME                        ; altera_irq_mapper                                         ; --            ; CRC_SoC_irq_mapper                                   ; --             ;
; IP_TOOL_NAME                        ; altera_avalon_jtag_uart                                   ; --            ; CRC_SoC_jtag_uart_0                                  ; --             ;
; IP_TOOL_NAME                        ; altera_merlin_interconnect_wrapper                        ; --            ; CRC_SoC_mm_interconnect_0                            ; --             ;
; IP_TOOL_NAME                        ; altera_merlin_router                                      ; --            ; CRC_SoC_mm_interconnect_0_addr_router                ; --             ;
; IP_TOOL_NAME                        ; altera_merlin_router                                      ; --            ; CRC_SoC_mm_interconnect_0_addr_router_001            ; --             ;
; IP_TOOL_NAME                        ; altera_merlin_demultiplexer                               ; --            ; CRC_SoC_mm_interconnect_0_cmd_xbar_demux             ; --             ;
; IP_TOOL_NAME                        ; altera_merlin_demultiplexer                               ; --            ; CRC_SoC_mm_interconnect_0_cmd_xbar_demux_001         ; --             ;
; IP_TOOL_NAME                        ; altera_merlin_multiplexer                                 ; --            ; CRC_SoC_mm_interconnect_0_cmd_xbar_mux               ; --             ;
; IP_TOOL_NAME                        ; altera_merlin_multiplexer                                 ; --            ; CRC_SoC_mm_interconnect_0_cmd_xbar_mux_002           ; --             ;
; IP_TOOL_NAME                        ; altera_merlin_router                                      ; --            ; CRC_SoC_mm_interconnect_0_id_router                  ; --             ;
; IP_TOOL_NAME                        ; altera_merlin_router                                      ; --            ; CRC_SoC_mm_interconnect_0_id_router_002              ; --             ;
; IP_TOOL_NAME                        ; altera_merlin_demultiplexer                               ; --            ; CRC_SoC_mm_interconnect_0_rsp_xbar_demux_002         ; --             ;
; IP_TOOL_NAME                        ; altera_merlin_multiplexer                                 ; --            ; CRC_SoC_mm_interconnect_0_rsp_xbar_mux               ; --             ;
; IP_TOOL_NAME                        ; altera_merlin_multiplexer                                 ; --            ; CRC_SoC_mm_interconnect_0_rsp_xbar_mux_001           ; --             ;
; IP_TOOL_NAME                        ; altera_avalon_onchip_memory2                              ; --            ; CRC_SoC_onchip_mem                                   ; --             ;
; IP_TOOL_NAME                        ; altera_avalon_sysid_qsys                                  ; --            ; CRC_SoC_sysid                                        ; --             ;
; IP_TOOL_NAME                        ; altera_avalon_timer                                       ; --            ; CRC_SoC_timer                                        ; --             ;
; IP_TOOL_NAME                        ; altera_avalon_timer                                       ; --            ; CRC_SoC_timer_alt                                    ; --             ;
; IP_TOOL_NAME                        ; altera_avalon_sc_fifo                                     ; --            ; altera_avalon_sc_fifo                                ; --             ;
; IP_TOOL_NAME                        ; altera_customins_master_translator                        ; --            ; altera_customins_master_translator                   ; --             ;
; IP_TOOL_NAME                        ; altera_customins_slave_translator                         ; --            ; altera_customins_slave_translator                    ; --             ;
; IP_TOOL_NAME                        ; altera_merlin_master_agent                                ; --            ; altera_merlin_master_agent                           ; --             ;
; IP_TOOL_NAME                        ; altera_merlin_master_translator                           ; --            ; altera_merlin_master_translator                      ; --             ;
; IP_TOOL_NAME                        ; altera_merlin_slave_agent                                 ; --            ; altera_merlin_slave_agent                            ; --             ;
; IP_TOOL_NAME                        ; altera_merlin_slave_translator                            ; --            ; altera_merlin_slave_translator                       ; --             ;
; IP_TOOL_NAME                        ; altera_reset_controller                                   ; --            ; altera_reset_controller                              ; --             ;
; IP_TOOL_VERSION                     ; 13.1                                                      ; --            ; CRC_SoC                                              ; --             ;
; IP_TOOL_VERSION                     ; 13.1                                                      ; --            ; CRC_SoC_cpu                                          ; --             ;
; IP_TOOL_VERSION                     ; 13.1                                                      ; --            ; CRC_SoC_cpu_custom_instruction_master_multi_xconnect ; --             ;
; IP_TOOL_VERSION                     ; 13.1                                                      ; --            ; CRC_SoC_irq_mapper                                   ; --             ;
; IP_TOOL_VERSION                     ; 13.1                                                      ; --            ; CRC_SoC_jtag_uart_0                                  ; --             ;
; IP_TOOL_VERSION                     ; 13.1                                                      ; --            ; CRC_SoC_mm_interconnect_0                            ; --             ;
; IP_TOOL_VERSION                     ; 13.1                                                      ; --            ; CRC_SoC_mm_interconnect_0_addr_router                ; --             ;
; IP_TOOL_VERSION                     ; 13.1                                                      ; --            ; CRC_SoC_mm_interconnect_0_addr_router_001            ; --             ;
; IP_TOOL_VERSION                     ; 13.1                                                      ; --            ; CRC_SoC_mm_interconnect_0_cmd_xbar_demux             ; --             ;
; IP_TOOL_VERSION                     ; 13.1                                                      ; --            ; CRC_SoC_mm_interconnect_0_cmd_xbar_demux_001         ; --             ;
; IP_TOOL_VERSION                     ; 13.1                                                      ; --            ; CRC_SoC_mm_interconnect_0_cmd_xbar_mux               ; --             ;
; IP_TOOL_VERSION                     ; 13.1                                                      ; --            ; CRC_SoC_mm_interconnect_0_cmd_xbar_mux_002           ; --             ;
; IP_TOOL_VERSION                     ; 13.1                                                      ; --            ; CRC_SoC_mm_interconnect_0_id_router                  ; --             ;
; IP_TOOL_VERSION                     ; 13.1                                                      ; --            ; CRC_SoC_mm_interconnect_0_id_router_002              ; --             ;
; IP_TOOL_VERSION                     ; 13.1                                                      ; --            ; CRC_SoC_mm_interconnect_0_rsp_xbar_demux_002         ; --             ;
; IP_TOOL_VERSION                     ; 13.1                                                      ; --            ; CRC_SoC_mm_interconnect_0_rsp_xbar_mux               ; --             ;
; IP_TOOL_VERSION                     ; 13.1                                                      ; --            ; CRC_SoC_mm_interconnect_0_rsp_xbar_mux_001           ; --             ;
; IP_TOOL_VERSION                     ; 13.1                                                      ; --            ; CRC_SoC_onchip_mem                                   ; --             ;
; IP_TOOL_VERSION                     ; 13.1                                                      ; --            ; CRC_SoC_sysid                                        ; --             ;
; IP_TOOL_VERSION                     ; 13.1                                                      ; --            ; CRC_SoC_timer                                        ; --             ;
; IP_TOOL_VERSION                     ; 13.1                                                      ; --            ; CRC_SoC_timer_alt                                    ; --             ;
; IP_TOOL_VERSION                     ; 13.1                                                      ; --            ; altera_avalon_sc_fifo                                ; --             ;
; IP_TOOL_VERSION                     ; 13.1                                                      ; --            ; altera_customins_master_translator                   ; --             ;
; IP_TOOL_VERSION                     ; 13.1                                                      ; --            ; altera_customins_slave_translator                    ; --             ;
; IP_TOOL_VERSION                     ; 13.1                                                      ; --            ; altera_merlin_master_agent                           ; --             ;
; IP_TOOL_VERSION                     ; 13.1                                                      ; --            ; altera_merlin_master_translator                      ; --             ;
; IP_TOOL_VERSION                     ; 13.1                                                      ; --            ; altera_merlin_slave_agent                            ; --             ;
; IP_TOOL_VERSION                     ; 13.1                                                      ; --            ; altera_merlin_slave_translator                       ; --             ;
; IP_TOOL_VERSION                     ; 13.1                                                      ; --            ; altera_reset_controller                              ; --             ;
; MAX_CORE_JUNCTION_TEMP              ; 85                                                        ; --            ; --                                                   ; --             ;
; MIN_CORE_JUNCTION_TEMP              ; 0                                                         ; --            ; --                                                   ; --             ;
; MISC_FILE                           ; CRC_SoC/synthesis/../../CRC_SoC.cmp                       ; --            ; --                                                   ; --             ;
; MISC_FILE                           ; CRC_SoC/synthesis/../../CRC_SoC.qsys                      ; --            ; --                                                   ; --             ;
; OUTPUT_IO_TIMING_FAR_END_VMEAS      ; Half Signal Swing                                         ; --            ; --                                                   ; --             ;
; OUTPUT_IO_TIMING_FAR_END_VMEAS      ; Half Signal Swing                                         ; --            ; --                                                   ; --             ;
; OUTPUT_IO_TIMING_NEAR_END_VMEAS     ; Half Vccio                                                ; --            ; --                                                   ; --             ;
; OUTPUT_IO_TIMING_NEAR_END_VMEAS     ; Half Vccio                                                ; --            ; --                                                   ; --             ;
; PARTITION_COLOR                     ; 16764057                                                  ; --            ; --                                                   ; Top            ;
; PARTITION_FITTER_PRESERVATION_LEVEL ; PLACEMENT_AND_ROUTING                                     ; --            ; --                                                   ; Top            ;
; PARTITION_NETLIST_TYPE              ; SOURCE                                                    ; --            ; --                                                   ; Top            ;
; POWER_BOARD_THERMAL_MODEL           ; None (CONSERVATIVE)                                       ; --            ; --                                                   ; --             ;
; POWER_PRESET_COOLING_SOLUTION       ; 23 MM HEAT SINK WITH 200 LFPM AIRFLOW                     ; --            ; --                                                   ; --             ;
; PROJECT_OUTPUT_DIRECTORY            ; output_files                                              ; --            ; --                                                   ; --             ;
; SLD_FILE                            ; CRC_SoC/synthesis/CRC_SoC.regmap                          ; --            ; --                                                   ; --             ;
; SLD_FILE                            ; CRC_SoC/synthesis/CRC_SoC.debuginfo                       ; --            ; --                                                   ; --             ;
; SLD_INFO                            ; QSYS_NAME CRC_SoC HAS_SOPCINFO 1 GENERATION_ID 1713809748 ; --            ; CRC_SoC                                              ; --             ;
; SOPCINFO_FILE                       ; CRC_SoC/synthesis/../../CRC_SoC.sopcinfo                  ; --            ; --                                                   ; --             ;
; SYNTHESIS_ONLY_QIP                  ; On                                                        ; --            ; --                                                   ; --             ;
+-------------------------------------+-----------------------------------------------------------+---------------+------------------------------------------------------+----------------+


+-------------------------------------------------------------------------------------------------------------------------------+
; Flow Elapsed Time                                                                                                             ;
+---------------------------+--------------+-------------------------+---------------------+------------------------------------+
; Module Name               ; Elapsed Time ; Average Processors Used ; Peak Virtual Memory ; Total CPU Time (on all processors) ;
+---------------------------+--------------+-------------------------+---------------------+------------------------------------+
; Analysis & Synthesis      ; 00:00:17     ; 1.0                     ; 4777 MB             ; 00:00:12                           ;
; Fitter                    ; 00:00:25     ; 1.0                     ; 5231 MB             ; 00:00:20                           ;
; Assembler                 ; 00:00:06     ; 1.0                     ; 4635 MB             ; 00:00:04                           ;
; TimeQuest Timing Analyzer ; 00:00:06     ; 1.0                     ; 4764 MB             ; 00:00:02                           ;
; EDA Netlist Writer        ; 00:00:06     ; 1.0                     ; 4630 MB             ; 00:00:04                           ;
; Total                     ; 00:01:00     ; --                      ; --                  ; 00:00:42                           ;
+---------------------------+--------------+-------------------------+---------------------+------------------------------------+


+----------------------------------------------------------------------------------------+
; Flow OS Summary                                                                        ;
+---------------------------+------------------+-----------+------------+----------------+
; Module Name               ; Machine Hostname ; OS Name   ; OS Version ; Processor type ;
+---------------------------+------------------+-----------+------------+----------------+
; Analysis & Synthesis      ; LAPTOP-CHAMATH   ; Windows 7 ; 6.2        ; x86_64         ;
; Fitter                    ; LAPTOP-CHAMATH   ; Windows 7 ; 6.2        ; x86_64         ;
; Assembler                 ; LAPTOP-CHAMATH   ; Windows 7 ; 6.2        ; x86_64         ;
; TimeQuest Timing Analyzer ; LAPTOP-CHAMATH   ; Windows 7 ; 6.2        ; x86_64         ;
; EDA Netlist Writer        ; LAPTOP-CHAMATH   ; Windows 7 ; 6.2        ; x86_64         ;
+---------------------------+------------------+-----------+------------+----------------+


------------
; Flow Log ;
------------
quartus_map --read_settings_files=on --write_settings_files=off CRC_CI_LAB -c TopLevel
quartus_fit --read_settings_files=off --write_settings_files=off CRC_CI_LAB -c TopLevel
quartus_asm --read_settings_files=off --write_settings_files=off CRC_CI_LAB -c TopLevel
quartus_sta CRC_CI_LAB -c TopLevel
quartus_eda --read_settings_files=off --write_settings_files=off CRC_CI_LAB -c TopLevel



