
**** Build of configuration Nios II for project consumer ****

make all 
      0 [main] sh 27088 find_fast_cwd: WARNING: Couldn't compute FAST_CWD pointer.  Please report this problem to
the public mailing list cygwin@cygwin.com
      0 [main] sh 23256 find_fast_cwd: WARNING: Couldn't compute FAST_CWD pointer.  Please report this problem to
the public mailing list cygwin@cygwin.com
      1 [main] echo 9488 find_fast_cwd: WARNING: Couldn't compute FAST_CWD pointer.  Please report this problem to
Info: Building ../consumer_bsp/
the public mailing list cygwin@cygwin.com
make --no-print-directory -C ../consumer_bsp/
      0 [main] pwd 27528 find_fast_cwd: WARNING: Couldn't compute FAST_CWD pointer.  Please report this problem to
the public mailing list cygwin@cygwin.com
      0 [main] sh 24884 find_fast_cwd: WARNING: Couldn't compute FAST_CWD pointer.  Please report this problem to
the public mailing list cygwin@cygwin.com
      1 [main] sh 27468 find_fast_cwd: WARNING: Couldn't compute FAST_CWD pointer.  Please report this problem to
the public mailing list cygwin@cygwin.com
[BSP build complete]
      0 [main] echo 9080 find_fast_cwd: WARNING: Couldn't compute FAST_CWD pointer.  Please report this problem to
Info: Compiling consumer.c to obj/default/consumer.o
the public mailing list cygwin@cygwin.com
      1 [main] mkdir 16460 find_fast_cwd: WARNING: Couldn't compute FAST_CWD pointer.  Please report this problem to
the public mailing list cygwin@cygwin.com
nios2-elf-gcc -xc -MP -MMD -c -I../consumer_bsp//HAL/inc -I../consumer_bsp/ -I../consumer_bsp//drivers/inc  -DSYSTEM_BUS_WIDTH=32 -pipe -D__hal__ -DALT_NO_INSTRUCTION_EMULATION -DALT_SINGLE_THREADED    -O0 -g -Wall -std=c99  -mno-hw-div -mno-hw-mul -mno-hw-mulx  -o obj/default/consumer.o consumer.c
      0 [main] true 26544 find_fast_cwd: WARNING: Couldn't compute FAST_CWD pointer.  Please report this problem to
the public mailing list cygwin@cygwin.com
      0 [main] echo 15628 find_fast_cwd: WARNING: Couldn't compute FAST_CWD pointer.  Please report this problem to
Info: Linking consumer.elf
the public mailing list cygwin@cygwin.com
nios2-elf-g++  -T'../consumer_bsp//linker.x' -msys-crt0='../consumer_bsp//obj/HAL/src/crt0.o' -msys-lib=hal_bsp -L../consumer_bsp/   -Wl,-Map=consumer.map   -O0 -g -Wall -std=c99  -mno-hw-div -mno-hw-mul -mno-hw-mulx  -o consumer.elf obj/default/FIFO_1.o obj/default/consumer.o -lm 
nios2-elf-insert consumer.elf --thread_model hal --cpu_name cpu1 --qsys true --simulation_enabled false --id 193 --sidp 0x41020 --timestamp 1715517271 --stderr_dev jtag_uart_1 --stdin_dev jtag_uart_1 --stdout_dev jtag_uart_1 --sopc_system_name mpsoc --quartus_project_dir "D:/SEM6/CO503/Lab03/mpsoc_desgin" --sopcinfo D:/SEM6/CO503/Lab03/mpsoc_desgin/mpsoc.sopcinfo
      0 [main] sh 25868 find_fast_cwd: WARNING: Couldn't compute FAST_CWD pointer.  Please report this problem to
the public mailing list cygwin@cygwin.com
      1 [main] uname 26484 find_fast_cwd: WARNING: Couldn't compute FAST_CWD pointer.  Please report this problem to
the public mailing list cygwin@cygwin.com
      0 [main] sh 24312 find_fast_cwd: WARNING: Couldn't compute FAST_CWD pointer.  Please report this problem to
the public mailing list cygwin@cygwin.com
Info: (consumer.elf) 57 KBytes program size (code + initialized data).
Info:                41 KBytes free for stack + heap.
      0 [main] echo 23364 find_fast_cwd: WARNING: Couldn't compute FAST_CWD pointer.  Please report this problem to
Info: Creating consumer.objdump
the public mailing list cygwin@cygwin.com
nios2-elf-objdump --disassemble --syms --all-header --source consumer.elf >consumer.objdump
      0 [main] sh 25096 find_fast_cwd: WARNING: Couldn't compute FAST_CWD pointer.  Please report this problem to
the public mailing list cygwin@cygwin.com
      0 [main] sh 25028 find_fast_cwd: WARNING: Couldn't compute FAST_CWD pointer.  Please report this problem to
the public mailing list cygwin@cygwin.com
[consumer build complete]

**** Build Finished ****
