Flow report for TopLevel
Wed Jun 12 16:08:08 2024
Quartus II 64-Bit Version 13.1.0 Build 162 10/23/2013 SJ Web Edition


---------------------
; Table of Contents ;
---------------------
  1. Legal Notice
  2. Flow Summary
  3. Flow Settings
  4. Flow Non-Default Global Settings
  5. Flow Elapsed Time
  6. Flow OS Summary
  7. Flow Log
  8. Flow Messages
  9. Flow Suppressed Messages



----------------
; Legal Notice ;
----------------
Copyright (C) 1991-2013 Altera Corporation
Your use of Altera Corporation's design tools, logic functions 
and other software and tools, and its AMPP partner logic 
functions, and any output files from any of the foregoing 
(including device programming or simulation files), and any 
associated documentation or information are expressly subject 
to the terms and conditions of the Altera Program License 
Subscription Agreement, Altera MegaCore Function License 
Agreement, or other applicable license agreement, including, 
without limitation, that your use is for the sole purpose of 
programming logic devices manufactured by Altera and sold by 
Altera or its authorized distributors.  Please refer to the 
applicable agreement for further details.



+---------------------------------------------------------------------------------+
; Flow Summary                                                                    ;
+------------------------------------+--------------------------------------------+
; Flow Status                        ; Successful - Wed Jun 12 16:08:08 2024      ;
; Quartus II 64-Bit Version          ; 13.1.0 Build 162 10/23/2013 SJ Web Edition ;
; Revision Name                      ; TopLevel                                   ;
; Top-level Entity Name              ; TopLevel                                   ;
; Family                             ; Cyclone IV E                               ;
; Device                             ; EP4CE115F29C7                              ;
; Timing Models                      ; Final                                      ;
; Total logic elements               ; 13,315 / 114,480 ( 12 % )                  ;
;     Total combinational functions  ; 12,526 / 114,480 ( 11 % )                  ;
;     Dedicated logic registers      ; 7,156 / 114,480 ( 6 % )                    ;
; Total registers                    ; 7275                                       ;
; Total pins                         ; 58 / 529 ( 11 % )                          ;
; Total virtual pins                 ; 0                                          ;
; Total memory bits                  ; 3,245,056 / 3,981,312 ( 82 % )             ;
; Embedded Multiplier 9-bit elements ; 0 / 532 ( 0 % )                            ;
; Total PLLs                         ; 1 / 4 ( 25 % )                             ;
+------------------------------------+--------------------------------------------+


+-----------------------------------------+
; Flow Settings                           ;
+-------------------+---------------------+
; Option            ; Setting             ;
+-------------------+---------------------+
; Start date & time ; 06/12/2024 16:05:04 ;
; Main task         ; Compilation         ;
; Revision Name     ; TopLevel            ;
+-------------------+---------------------+


+-------------------------------------------------------------------------------------------------------------------------------------------------------------------------------------+
; Flow Non-Default Global Settings                                                                                                                                                    ;
+-------------------------------------+-------------------------------------------------------------+---------------+------------------------------------------------+----------------+
; Assignment Name                     ; Value                                                       ; Default Value ; Entity Name                                    ; Section Id     ;
+-------------------------------------+-------------------------------------------------------------+---------------+------------------------------------------------+----------------+
; COMPILER_SIGNATURE_ID               ; 92384137426708.171818850322584                              ; --            ; --                                             ; --             ;
; EDA_OUTPUT_DATA_FORMAT              ; Vhdl                                                        ; --            ; --                                             ; eda_simulation ;
; EDA_SIMULATION_TOOL                 ; ModelSim-Altera (VHDL)                                      ; <None>        ; --                                             ; --             ;
; IP_TOOL_ENV                         ; Qsys                                                        ; --            ; Mega_JSoC                                      ; --             ;
; IP_TOOL_ENV                         ; Qsys                                                        ; --            ; Mega_JSoC_cpu                                  ; --             ;
; IP_TOOL_ENV                         ; Qsys                                                        ; --            ; Mega_JSoC_cpu_1b                               ; --             ;
; IP_TOOL_ENV                         ; Qsys                                                        ; --            ; Mega_JSoC_cpu_1c                               ; --             ;
; IP_TOOL_ENV                         ; Qsys                                                        ; --            ; Mega_JSoC_cpu_1d                               ; --             ;
; IP_TOOL_ENV                         ; Qsys                                                        ; --            ; Mega_JSoC_cpu_1e                               ; --             ;
; IP_TOOL_ENV                         ; Qsys                                                        ; --            ; Mega_JSoC_cpu_1f                               ; --             ;
; IP_TOOL_ENV                         ; Qsys                                                        ; --            ; Mega_JSoC_fifo_1b                              ; --             ;
; IP_TOOL_ENV                         ; Qsys                                                        ; --            ; Mega_JSoC_fifo_q_1                             ; --             ;
; IP_TOOL_ENV                         ; Qsys                                                        ; --            ; Mega_JSoC_irq_mapper                           ; --             ;
; IP_TOOL_ENV                         ; Qsys                                                        ; --            ; Mega_JSoC_jtag_uart                            ; --             ;
; IP_TOOL_ENV                         ; Qsys                                                        ; --            ; Mega_JSoC_mm_interconnect_0                    ; --             ;
; IP_TOOL_ENV                         ; Qsys                                                        ; --            ; Mega_JSoC_mm_interconnect_0_addr_router        ; --             ;
; IP_TOOL_ENV                         ; Qsys                                                        ; --            ; Mega_JSoC_mm_interconnect_0_addr_router_001    ; --             ;
; IP_TOOL_ENV                         ; Qsys                                                        ; --            ; Mega_JSoC_mm_interconnect_0_addr_router_002    ; --             ;
; IP_TOOL_ENV                         ; Qsys                                                        ; --            ; Mega_JSoC_mm_interconnect_0_addr_router_003    ; --             ;
; IP_TOOL_ENV                         ; Qsys                                                        ; --            ; Mega_JSoC_mm_interconnect_0_addr_router_004    ; --             ;
; IP_TOOL_ENV                         ; Qsys                                                        ; --            ; Mega_JSoC_mm_interconnect_0_addr_router_005    ; --             ;
; IP_TOOL_ENV                         ; Qsys                                                        ; --            ; Mega_JSoC_mm_interconnect_0_addr_router_006    ; --             ;
; IP_TOOL_ENV                         ; Qsys                                                        ; --            ; Mega_JSoC_mm_interconnect_0_addr_router_007    ; --             ;
; IP_TOOL_ENV                         ; Qsys                                                        ; --            ; Mega_JSoC_mm_interconnect_0_addr_router_008    ; --             ;
; IP_TOOL_ENV                         ; Qsys                                                        ; --            ; Mega_JSoC_mm_interconnect_0_addr_router_009    ; --             ;
; IP_TOOL_ENV                         ; Qsys                                                        ; --            ; Mega_JSoC_mm_interconnect_0_addr_router_010    ; --             ;
; IP_TOOL_ENV                         ; Qsys                                                        ; --            ; Mega_JSoC_mm_interconnect_0_addr_router_011    ; --             ;
; IP_TOOL_ENV                         ; Qsys                                                        ; --            ; Mega_JSoC_mm_interconnect_0_cmd_xbar_demux     ; --             ;
; IP_TOOL_ENV                         ; Qsys                                                        ; --            ; Mega_JSoC_mm_interconnect_0_cmd_xbar_demux_001 ; --             ;
; IP_TOOL_ENV                         ; Qsys                                                        ; --            ; Mega_JSoC_mm_interconnect_0_cmd_xbar_demux_002 ; --             ;
; IP_TOOL_ENV                         ; Qsys                                                        ; --            ; Mega_JSoC_mm_interconnect_0_cmd_xbar_demux_003 ; --             ;
; IP_TOOL_ENV                         ; Qsys                                                        ; --            ; Mega_JSoC_mm_interconnect_0_cmd_xbar_demux_006 ; --             ;
; IP_TOOL_ENV                         ; Qsys                                                        ; --            ; Mega_JSoC_mm_interconnect_0_cmd_xbar_mux       ; --             ;
; IP_TOOL_ENV                         ; Qsys                                                        ; --            ; Mega_JSoC_mm_interconnect_0_cmd_xbar_mux_002   ; --             ;
; IP_TOOL_ENV                         ; Qsys                                                        ; --            ; Mega_JSoC_mm_interconnect_0_cmd_xbar_mux_005   ; --             ;
; IP_TOOL_ENV                         ; Qsys                                                        ; --            ; Mega_JSoC_mm_interconnect_0_id_router          ; --             ;
; IP_TOOL_ENV                         ; Qsys                                                        ; --            ; Mega_JSoC_mm_interconnect_0_id_router_002      ; --             ;
; IP_TOOL_ENV                         ; Qsys                                                        ; --            ; Mega_JSoC_mm_interconnect_0_id_router_005      ; --             ;
; IP_TOOL_ENV                         ; Qsys                                                        ; --            ; Mega_JSoC_mm_interconnect_0_id_router_007      ; --             ;
; IP_TOOL_ENV                         ; Qsys                                                        ; --            ; Mega_JSoC_mm_interconnect_0_id_router_013      ; --             ;
; IP_TOOL_ENV                         ; Qsys                                                        ; --            ; Mega_JSoC_mm_interconnect_0_id_router_015      ; --             ;
; IP_TOOL_ENV                         ; Qsys                                                        ; --            ; Mega_JSoC_mm_interconnect_0_id_router_017      ; --             ;
; IP_TOOL_ENV                         ; Qsys                                                        ; --            ; Mega_JSoC_mm_interconnect_0_id_router_018      ; --             ;
; IP_TOOL_ENV                         ; Qsys                                                        ; --            ; Mega_JSoC_mm_interconnect_0_id_router_020      ; --             ;
; IP_TOOL_ENV                         ; Qsys                                                        ; --            ; Mega_JSoC_mm_interconnect_0_id_router_024      ; --             ;
; IP_TOOL_ENV                         ; Qsys                                                        ; --            ; Mega_JSoC_mm_interconnect_0_id_router_026      ; --             ;
; IP_TOOL_ENV                         ; Qsys                                                        ; --            ; Mega_JSoC_mm_interconnect_0_id_router_027      ; --             ;
; IP_TOOL_ENV                         ; Qsys                                                        ; --            ; Mega_JSoC_mm_interconnect_0_id_router_033      ; --             ;
; IP_TOOL_ENV                         ; Qsys                                                        ; --            ; Mega_JSoC_mm_interconnect_0_id_router_035      ; --             ;
; IP_TOOL_ENV                         ; Qsys                                                        ; --            ; Mega_JSoC_mm_interconnect_0_id_router_037      ; --             ;
; IP_TOOL_ENV                         ; Qsys                                                        ; --            ; Mega_JSoC_mm_interconnect_0_id_router_042      ; --             ;
; IP_TOOL_ENV                         ; Qsys                                                        ; --            ; Mega_JSoC_mm_interconnect_0_id_router_044      ; --             ;
; IP_TOOL_ENV                         ; Qsys                                                        ; --            ; Mega_JSoC_mm_interconnect_0_id_router_045      ; --             ;
; IP_TOOL_ENV                         ; Qsys                                                        ; --            ; Mega_JSoC_mm_interconnect_0_id_router_051      ; --             ;
; IP_TOOL_ENV                         ; Qsys                                                        ; --            ; Mega_JSoC_mm_interconnect_0_id_router_052      ; --             ;
; IP_TOOL_ENV                         ; Qsys                                                        ; --            ; Mega_JSoC_mm_interconnect_0_id_router_053      ; --             ;
; IP_TOOL_ENV                         ; Qsys                                                        ; --            ; Mega_JSoC_mm_interconnect_0_rsp_xbar_demux_002 ; --             ;
; IP_TOOL_ENV                         ; Qsys                                                        ; --            ; Mega_JSoC_mm_interconnect_0_rsp_xbar_demux_005 ; --             ;
; IP_TOOL_ENV                         ; Qsys                                                        ; --            ; Mega_JSoC_mm_interconnect_0_rsp_xbar_mux       ; --             ;
; IP_TOOL_ENV                         ; Qsys                                                        ; --            ; Mega_JSoC_mm_interconnect_0_rsp_xbar_mux_001   ; --             ;
; IP_TOOL_ENV                         ; Qsys                                                        ; --            ; Mega_JSoC_mm_interconnect_0_rsp_xbar_mux_002   ; --             ;
; IP_TOOL_ENV                         ; Qsys                                                        ; --            ; Mega_JSoC_mm_interconnect_0_rsp_xbar_mux_003   ; --             ;
; IP_TOOL_ENV                         ; Qsys                                                        ; --            ; Mega_JSoC_mm_interconnect_0_rsp_xbar_mux_006   ; --             ;
; IP_TOOL_ENV                         ; Qsys                                                        ; --            ; Mega_JSoC_onchip_mem_1b                        ; --             ;
; IP_TOOL_ENV                         ; Qsys                                                        ; --            ; Mega_JSoC_onchip_mem_1c                        ; --             ;
; IP_TOOL_ENV                         ; Qsys                                                        ; --            ; Mega_JSoC_onchip_mem_1d                        ; --             ;
; IP_TOOL_ENV                         ; Qsys                                                        ; --            ; Mega_JSoC_onchip_mem_1e                        ; --             ;
; IP_TOOL_ENV                         ; Qsys                                                        ; --            ; Mega_JSoC_onchip_mem_1f                        ; --             ;
; IP_TOOL_ENV                         ; Qsys                                                        ; --            ; Mega_JSoC_pll                                  ; --             ;
; IP_TOOL_ENV                         ; Qsys                                                        ; --            ; Mega_JSoC_sdram_controller                     ; --             ;
; IP_TOOL_ENV                         ; Qsys                                                        ; --            ; Mega_JSoC_sys_id                               ; --             ;
; IP_TOOL_ENV                         ; Qsys                                                        ; --            ; Mega_JSoC_sysid_1b                             ; --             ;
; IP_TOOL_ENV                         ; Qsys                                                        ; --            ; Mega_JSoC_sysid_1c                             ; --             ;
; IP_TOOL_ENV                         ; Qsys                                                        ; --            ; Mega_JSoC_sysid_1d                             ; --             ;
; IP_TOOL_ENV                         ; Qsys                                                        ; --            ; Mega_JSoC_sysid_1e                             ; --             ;
; IP_TOOL_ENV                         ; Qsys                                                        ; --            ; Mega_JSoC_sysid_1f                             ; --             ;
; IP_TOOL_ENV                         ; Qsys                                                        ; --            ; Mega_JSoC_timer                                ; --             ;
; IP_TOOL_ENV                         ; Qsys                                                        ; --            ; altera_avalon_sc_fifo                          ; --             ;
; IP_TOOL_ENV                         ; Qsys                                                        ; --            ; altera_avalon_st_handshake_clock_crosser       ; --             ;
; IP_TOOL_ENV                         ; Qsys                                                        ; --            ; altera_merlin_master_agent                     ; --             ;
; IP_TOOL_ENV                         ; Qsys                                                        ; --            ; altera_merlin_master_translator                ; --             ;
; IP_TOOL_ENV                         ; Qsys                                                        ; --            ; altera_merlin_slave_agent                      ; --             ;
; IP_TOOL_ENV                         ; Qsys                                                        ; --            ; altera_merlin_slave_translator                 ; --             ;
; IP_TOOL_ENV                         ; Qsys                                                        ; --            ; altera_reset_controller                        ; --             ;
; IP_TOOL_NAME                        ; Qsys                                                        ; --            ; Mega_JSoC                                      ; --             ;
; IP_TOOL_NAME                        ; altera_nios2_qsys                                           ; --            ; Mega_JSoC_cpu                                  ; --             ;
; IP_TOOL_NAME                        ; altera_nios2_qsys                                           ; --            ; Mega_JSoC_cpu_1b                               ; --             ;
; IP_TOOL_NAME                        ; altera_nios2_qsys                                           ; --            ; Mega_JSoC_cpu_1c                               ; --             ;
; IP_TOOL_NAME                        ; altera_nios2_qsys                                           ; --            ; Mega_JSoC_cpu_1d                               ; --             ;
; IP_TOOL_NAME                        ; altera_nios2_qsys                                           ; --            ; Mega_JSoC_cpu_1e                               ; --             ;
; IP_TOOL_NAME                        ; altera_nios2_qsys                                           ; --            ; Mega_JSoC_cpu_1f                               ; --             ;
; IP_TOOL_NAME                        ; altera_avalon_fifo                                          ; --            ; Mega_JSoC_fifo_1b                              ; --             ;
; IP_TOOL_NAME                        ; altera_avalon_fifo                                          ; --            ; Mega_JSoC_fifo_q_1                             ; --             ;
; IP_TOOL_NAME                        ; altera_irq_mapper                                           ; --            ; Mega_JSoC_irq_mapper                           ; --             ;
; IP_TOOL_NAME                        ; altera_avalon_jtag_uart                                     ; --            ; Mega_JSoC_jtag_uart                            ; --             ;
; IP_TOOL_NAME                        ; altera_merlin_interconnect_wrapper                          ; --            ; Mega_JSoC_mm_interconnect_0                    ; --             ;
; IP_TOOL_NAME                        ; altera_merlin_router                                        ; --            ; Mega_JSoC_mm_interconnect_0_addr_router        ; --             ;
; IP_TOOL_NAME                        ; altera_merlin_router                                        ; --            ; Mega_JSoC_mm_interconnect_0_addr_router_001    ; --             ;
; IP_TOOL_NAME                        ; altera_merlin_router                                        ; --            ; Mega_JSoC_mm_interconnect_0_addr_router_002    ; --             ;
; IP_TOOL_NAME                        ; altera_merlin_router                                        ; --            ; Mega_JSoC_mm_interconnect_0_addr_router_003    ; --             ;
; IP_TOOL_NAME                        ; altera_merlin_router                                        ; --            ; Mega_JSoC_mm_interconnect_0_addr_router_004    ; --             ;
; IP_TOOL_NAME                        ; altera_merlin_router                                        ; --            ; Mega_JSoC_mm_interconnect_0_addr_router_005    ; --             ;
; IP_TOOL_NAME                        ; altera_merlin_router                                        ; --            ; Mega_JSoC_mm_interconnect_0_addr_router_006    ; --             ;
; IP_TOOL_NAME                        ; altera_merlin_router                                        ; --            ; Mega_JSoC_mm_interconnect_0_addr_router_007    ; --             ;
; IP_TOOL_NAME                        ; altera_merlin_router                                        ; --            ; Mega_JSoC_mm_interconnect_0_addr_router_008    ; --             ;
; IP_TOOL_NAME                        ; altera_merlin_router                                        ; --            ; Mega_JSoC_mm_interconnect_0_addr_router_009    ; --             ;
; IP_TOOL_NAME                        ; altera_merlin_router                                        ; --            ; Mega_JSoC_mm_interconnect_0_addr_router_010    ; --             ;
; IP_TOOL_NAME                        ; altera_merlin_router                                        ; --            ; Mega_JSoC_mm_interconnect_0_addr_router_011    ; --             ;
; IP_TOOL_NAME                        ; altera_merlin_demultiplexer                                 ; --            ; Mega_JSoC_mm_interconnect_0_cmd_xbar_demux     ; --             ;
; IP_TOOL_NAME                        ; altera_merlin_demultiplexer                                 ; --            ; Mega_JSoC_mm_interconnect_0_cmd_xbar_demux_001 ; --             ;
; IP_TOOL_NAME                        ; altera_merlin_demultiplexer                                 ; --            ; Mega_JSoC_mm_interconnect_0_cmd_xbar_demux_002 ; --             ;
; IP_TOOL_NAME                        ; altera_merlin_demultiplexer                                 ; --            ; Mega_JSoC_mm_interconnect_0_cmd_xbar_demux_003 ; --             ;
; IP_TOOL_NAME                        ; altera_merlin_demultiplexer                                 ; --            ; Mega_JSoC_mm_interconnect_0_cmd_xbar_demux_006 ; --             ;
; IP_TOOL_NAME                        ; altera_merlin_multiplexer                                   ; --            ; Mega_JSoC_mm_interconnect_0_cmd_xbar_mux       ; --             ;
; IP_TOOL_NAME                        ; altera_merlin_multiplexer                                   ; --            ; Mega_JSoC_mm_interconnect_0_cmd_xbar_mux_002   ; --             ;
; IP_TOOL_NAME                        ; altera_merlin_multiplexer                                   ; --            ; Mega_JSoC_mm_interconnect_0_cmd_xbar_mux_005   ; --             ;
; IP_TOOL_NAME                        ; altera_merlin_router                                        ; --            ; Mega_JSoC_mm_interconnect_0_id_router          ; --             ;
; IP_TOOL_NAME                        ; altera_merlin_router                                        ; --            ; Mega_JSoC_mm_interconnect_0_id_router_002      ; --             ;
; IP_TOOL_NAME                        ; altera_merlin_router                                        ; --            ; Mega_JSoC_mm_interconnect_0_id_router_005      ; --             ;
; IP_TOOL_NAME                        ; altera_merlin_router                                        ; --            ; Mega_JSoC_mm_interconnect_0_id_router_007      ; --             ;
; IP_TOOL_NAME                        ; altera_merlin_router                                        ; --            ; Mega_JSoC_mm_interconnect_0_id_router_013      ; --             ;
; IP_TOOL_NAME                        ; altera_merlin_router                                        ; --            ; Mega_JSoC_mm_interconnect_0_id_router_015      ; --             ;
; IP_TOOL_NAME                        ; altera_merlin_router                                        ; --            ; Mega_JSoC_mm_interconnect_0_id_router_017      ; --             ;
; IP_TOOL_NAME                        ; altera_merlin_router                                        ; --            ; Mega_JSoC_mm_interconnect_0_id_router_018      ; --             ;
; IP_TOOL_NAME                        ; altera_merlin_router                                        ; --            ; Mega_JSoC_mm_interconnect_0_id_router_020      ; --             ;
; IP_TOOL_NAME                        ; altera_merlin_router                                        ; --            ; Mega_JSoC_mm_interconnect_0_id_router_024      ; --             ;
; IP_TOOL_NAME                        ; altera_merlin_router                                        ; --            ; Mega_JSoC_mm_interconnect_0_id_router_026      ; --             ;
; IP_TOOL_NAME                        ; altera_merlin_router                                        ; --            ; Mega_JSoC_mm_interconnect_0_id_router_027      ; --             ;
; IP_TOOL_NAME                        ; altera_merlin_router                                        ; --            ; Mega_JSoC_mm_interconnect_0_id_router_033      ; --             ;
; IP_TOOL_NAME                        ; altera_merlin_router                                        ; --            ; Mega_JSoC_mm_interconnect_0_id_router_035      ; --             ;
; IP_TOOL_NAME                        ; altera_merlin_router                                        ; --            ; Mega_JSoC_mm_interconnect_0_id_router_037      ; --             ;
; IP_TOOL_NAME                        ; altera_merlin_router                                        ; --            ; Mega_JSoC_mm_interconnect_0_id_router_042      ; --             ;
; IP_TOOL_NAME                        ; altera_merlin_router                                        ; --            ; Mega_JSoC_mm_interconnect_0_id_router_044      ; --             ;
; IP_TOOL_NAME                        ; altera_merlin_router                                        ; --            ; Mega_JSoC_mm_interconnect_0_id_router_045      ; --             ;
; IP_TOOL_NAME                        ; altera_merlin_router                                        ; --            ; Mega_JSoC_mm_interconnect_0_id_router_051      ; --             ;
; IP_TOOL_NAME                        ; altera_merlin_router                                        ; --            ; Mega_JSoC_mm_interconnect_0_id_router_052      ; --             ;
; IP_TOOL_NAME                        ; altera_merlin_router                                        ; --            ; Mega_JSoC_mm_interconnect_0_id_router_053      ; --             ;
; IP_TOOL_NAME                        ; altera_merlin_demultiplexer                                 ; --            ; Mega_JSoC_mm_interconnect_0_rsp_xbar_demux_002 ; --             ;
; IP_TOOL_NAME                        ; altera_merlin_demultiplexer                                 ; --            ; Mega_JSoC_mm_interconnect_0_rsp_xbar_demux_005 ; --             ;
; IP_TOOL_NAME                        ; altera_merlin_multiplexer                                   ; --            ; Mega_JSoC_mm_interconnect_0_rsp_xbar_mux       ; --             ;
; IP_TOOL_NAME                        ; altera_merlin_multiplexer                                   ; --            ; Mega_JSoC_mm_interconnect_0_rsp_xbar_mux_001   ; --             ;
; IP_TOOL_NAME                        ; altera_merlin_multiplexer                                   ; --            ; Mega_JSoC_mm_interconnect_0_rsp_xbar_mux_002   ; --             ;
; IP_TOOL_NAME                        ; altera_merlin_multiplexer                                   ; --            ; Mega_JSoC_mm_interconnect_0_rsp_xbar_mux_003   ; --             ;
; IP_TOOL_NAME                        ; altera_merlin_multiplexer                                   ; --            ; Mega_JSoC_mm_interconnect_0_rsp_xbar_mux_006   ; --             ;
; IP_TOOL_NAME                        ; altera_avalon_onchip_memory2                                ; --            ; Mega_JSoC_onchip_mem_1b                        ; --             ;
; IP_TOOL_NAME                        ; altera_avalon_onchip_memory2                                ; --            ; Mega_JSoC_onchip_mem_1c                        ; --             ;
; IP_TOOL_NAME                        ; altera_avalon_onchip_memory2                                ; --            ; Mega_JSoC_onchip_mem_1d                        ; --             ;
; IP_TOOL_NAME                        ; altera_avalon_onchip_memory2                                ; --            ; Mega_JSoC_onchip_mem_1e                        ; --             ;
; IP_TOOL_NAME                        ; altera_avalon_onchip_memory2                                ; --            ; Mega_JSoC_onchip_mem_1f                        ; --             ;
; IP_TOOL_NAME                        ; altpll                                                      ; --            ; Mega_JSoC_pll                                  ; --             ;
; IP_TOOL_NAME                        ; altera_avalon_new_sdram_controller                          ; --            ; Mega_JSoC_sdram_controller                     ; --             ;
; IP_TOOL_NAME                        ; altera_avalon_sysid_qsys                                    ; --            ; Mega_JSoC_sys_id                               ; --             ;
; IP_TOOL_NAME                        ; altera_avalon_sysid_qsys                                    ; --            ; Mega_JSoC_sysid_1b                             ; --             ;
; IP_TOOL_NAME                        ; altera_avalon_sysid_qsys                                    ; --            ; Mega_JSoC_sysid_1c                             ; --             ;
; IP_TOOL_NAME                        ; altera_avalon_sysid_qsys                                    ; --            ; Mega_JSoC_sysid_1d                             ; --             ;
; IP_TOOL_NAME                        ; altera_avalon_sysid_qsys                                    ; --            ; Mega_JSoC_sysid_1e                             ; --             ;
; IP_TOOL_NAME                        ; altera_avalon_sysid_qsys                                    ; --            ; Mega_JSoC_sysid_1f                             ; --             ;
; IP_TOOL_NAME                        ; altera_avalon_timer                                         ; --            ; Mega_JSoC_timer                                ; --             ;
; IP_TOOL_NAME                        ; altera_avalon_sc_fifo                                       ; --            ; altera_avalon_sc_fifo                          ; --             ;
; IP_TOOL_NAME                        ; altera_avalon_st_handshake_clock_crosser                    ; --            ; altera_avalon_st_handshake_clock_crosser       ; --             ;
; IP_TOOL_NAME                        ; altera_merlin_master_agent                                  ; --            ; altera_merlin_master_agent                     ; --             ;
; IP_TOOL_NAME                        ; altera_merlin_master_translator                             ; --            ; altera_merlin_master_translator                ; --             ;
; IP_TOOL_NAME                        ; altera_merlin_slave_agent                                   ; --            ; altera_merlin_slave_agent                      ; --             ;
; IP_TOOL_NAME                        ; altera_merlin_slave_translator                              ; --            ; altera_merlin_slave_translator                 ; --             ;
; IP_TOOL_NAME                        ; altera_reset_controller                                     ; --            ; altera_reset_controller                        ; --             ;
; IP_TOOL_VERSION                     ; 13.1                                                        ; --            ; Mega_JSoC                                      ; --             ;
; IP_TOOL_VERSION                     ; 13.1                                                        ; --            ; Mega_JSoC_cpu                                  ; --             ;
; IP_TOOL_VERSION                     ; 13.1                                                        ; --            ; Mega_JSoC_cpu_1b                               ; --             ;
; IP_TOOL_VERSION                     ; 13.1                                                        ; --            ; Mega_JSoC_cpu_1c                               ; --             ;
; IP_TOOL_VERSION                     ; 13.1                                                        ; --            ; Mega_JSoC_cpu_1d                               ; --             ;
; IP_TOOL_VERSION                     ; 13.1                                                        ; --            ; Mega_JSoC_cpu_1e                               ; --             ;
; IP_TOOL_VERSION                     ; 13.1                                                        ; --            ; Mega_JSoC_cpu_1f                               ; --             ;
; IP_TOOL_VERSION                     ; 13.1                                                        ; --            ; Mega_JSoC_fifo_1b                              ; --             ;
; IP_TOOL_VERSION                     ; 13.1                                                        ; --            ; Mega_JSoC_fifo_q_1                             ; --             ;
; IP_TOOL_VERSION                     ; 13.1                                                        ; --            ; Mega_JSoC_irq_mapper                           ; --             ;
; IP_TOOL_VERSION                     ; 13.1                                                        ; --            ; Mega_JSoC_jtag_uart                            ; --             ;
; IP_TOOL_VERSION                     ; 13.1                                                        ; --            ; Mega_JSoC_mm_interconnect_0                    ; --             ;
; IP_TOOL_VERSION                     ; 13.1                                                        ; --            ; Mega_JSoC_mm_interconnect_0_addr_router        ; --             ;
; IP_TOOL_VERSION                     ; 13.1                                                        ; --            ; Mega_JSoC_mm_interconnect_0_addr_router_001    ; --             ;
; IP_TOOL_VERSION                     ; 13.1                                                        ; --            ; Mega_JSoC_mm_interconnect_0_addr_router_002    ; --             ;
; IP_TOOL_VERSION                     ; 13.1                                                        ; --            ; Mega_JSoC_mm_interconnect_0_addr_router_003    ; --             ;
; IP_TOOL_VERSION                     ; 13.1                                                        ; --            ; Mega_JSoC_mm_interconnect_0_addr_router_004    ; --             ;
; IP_TOOL_VERSION                     ; 13.1                                                        ; --            ; Mega_JSoC_mm_interconnect_0_addr_router_005    ; --             ;
; IP_TOOL_VERSION                     ; 13.1                                                        ; --            ; Mega_JSoC_mm_interconnect_0_addr_router_006    ; --             ;
; IP_TOOL_VERSION                     ; 13.1                                                        ; --            ; Mega_JSoC_mm_interconnect_0_addr_router_007    ; --             ;
; IP_TOOL_VERSION                     ; 13.1                                                        ; --            ; Mega_JSoC_mm_interconnect_0_addr_router_008    ; --             ;
; IP_TOOL_VERSION                     ; 13.1                                                        ; --            ; Mega_JSoC_mm_interconnect_0_addr_router_009    ; --             ;
; IP_TOOL_VERSION                     ; 13.1                                                        ; --            ; Mega_JSoC_mm_interconnect_0_addr_router_010    ; --             ;
; IP_TOOL_VERSION                     ; 13.1                                                        ; --            ; Mega_JSoC_mm_interconnect_0_addr_router_011    ; --             ;
; IP_TOOL_VERSION                     ; 13.1                                                        ; --            ; Mega_JSoC_mm_interconnect_0_cmd_xbar_demux     ; --             ;
; IP_TOOL_VERSION                     ; 13.1                                                        ; --            ; Mega_JSoC_mm_interconnect_0_cmd_xbar_demux_001 ; --             ;
; IP_TOOL_VERSION                     ; 13.1                                                        ; --            ; Mega_JSoC_mm_interconnect_0_cmd_xbar_demux_002 ; --             ;
; IP_TOOL_VERSION                     ; 13.1                                                        ; --            ; Mega_JSoC_mm_interconnect_0_cmd_xbar_demux_003 ; --             ;
; IP_TOOL_VERSION                     ; 13.1                                                        ; --            ; Mega_JSoC_mm_interconnect_0_cmd_xbar_demux_006 ; --             ;
; IP_TOOL_VERSION                     ; 13.1                                                        ; --            ; Mega_JSoC_mm_interconnect_0_cmd_xbar_mux       ; --             ;
; IP_TOOL_VERSION                     ; 13.1                                                        ; --            ; Mega_JSoC_mm_interconnect_0_cmd_xbar_mux_002   ; --             ;
; IP_TOOL_VERSION                     ; 13.1                                                        ; --            ; Mega_JSoC_mm_interconnect_0_cmd_xbar_mux_005   ; --             ;
; IP_TOOL_VERSION                     ; 13.1                                                        ; --            ; Mega_JSoC_mm_interconnect_0_id_router          ; --             ;
; IP_TOOL_VERSION                     ; 13.1                                                        ; --            ; Mega_JSoC_mm_interconnect_0_id_router_002      ; --             ;
; IP_TOOL_VERSION                     ; 13.1                                                        ; --            ; Mega_JSoC_mm_interconnect_0_id_router_005      ; --             ;
; IP_TOOL_VERSION                     ; 13.1                                                        ; --            ; Mega_JSoC_mm_interconnect_0_id_router_007      ; --             ;
; IP_TOOL_VERSION                     ; 13.1                                                        ; --            ; Mega_JSoC_mm_interconnect_0_id_router_013      ; --             ;
; IP_TOOL_VERSION                     ; 13.1                                                        ; --            ; Mega_JSoC_mm_interconnect_0_id_router_015      ; --             ;
; IP_TOOL_VERSION                     ; 13.1                                                        ; --            ; Mega_JSoC_mm_interconnect_0_id_router_017      ; --             ;
; IP_TOOL_VERSION                     ; 13.1                                                        ; --            ; Mega_JSoC_mm_interconnect_0_id_router_018      ; --             ;
; IP_TOOL_VERSION                     ; 13.1                                                        ; --            ; Mega_JSoC_mm_interconnect_0_id_router_020      ; --             ;
; IP_TOOL_VERSION                     ; 13.1                                                        ; --            ; Mega_JSoC_mm_interconnect_0_id_router_024      ; --             ;
; IP_TOOL_VERSION                     ; 13.1                                                        ; --            ; Mega_JSoC_mm_interconnect_0_id_router_026      ; --             ;
; IP_TOOL_VERSION                     ; 13.1                                                        ; --            ; Mega_JSoC_mm_interconnect_0_id_router_027      ; --             ;
; IP_TOOL_VERSION                     ; 13.1                                                        ; --            ; Mega_JSoC_mm_interconnect_0_id_router_033      ; --             ;
; IP_TOOL_VERSION                     ; 13.1                                                        ; --            ; Mega_JSoC_mm_interconnect_0_id_router_035      ; --             ;
; IP_TOOL_VERSION                     ; 13.1                                                        ; --            ; Mega_JSoC_mm_interconnect_0_id_router_037      ; --             ;
; IP_TOOL_VERSION                     ; 13.1                                                        ; --            ; Mega_JSoC_mm_interconnect_0_id_router_042      ; --             ;
; IP_TOOL_VERSION                     ; 13.1                                                        ; --            ; Mega_JSoC_mm_interconnect_0_id_router_044      ; --             ;
; IP_TOOL_VERSION                     ; 13.1                                                        ; --            ; Mega_JSoC_mm_interconnect_0_id_router_045      ; --             ;
; IP_TOOL_VERSION                     ; 13.1                                                        ; --            ; Mega_JSoC_mm_interconnect_0_id_router_051      ; --             ;
; IP_TOOL_VERSION                     ; 13.1                                                        ; --            ; Mega_JSoC_mm_interconnect_0_id_router_052      ; --             ;
; IP_TOOL_VERSION                     ; 13.1                                                        ; --            ; Mega_JSoC_mm_interconnect_0_id_router_053      ; --             ;
; IP_TOOL_VERSION                     ; 13.1                                                        ; --            ; Mega_JSoC_mm_interconnect_0_rsp_xbar_demux_002 ; --             ;
; IP_TOOL_VERSION                     ; 13.1                                                        ; --            ; Mega_JSoC_mm_interconnect_0_rsp_xbar_demux_005 ; --             ;
; IP_TOOL_VERSION                     ; 13.1                                                        ; --            ; Mega_JSoC_mm_interconnect_0_rsp_xbar_mux       ; --             ;
; IP_TOOL_VERSION                     ; 13.1                                                        ; --            ; Mega_JSoC_mm_interconnect_0_rsp_xbar_mux_001   ; --             ;
; IP_TOOL_VERSION                     ; 13.1                                                        ; --            ; Mega_JSoC_mm_interconnect_0_rsp_xbar_mux_002   ; --             ;
; IP_TOOL_VERSION                     ; 13.1                                                        ; --            ; Mega_JSoC_mm_interconnect_0_rsp_xbar_mux_003   ; --             ;
; IP_TOOL_VERSION                     ; 13.1                                                        ; --            ; Mega_JSoC_mm_interconnect_0_rsp_xbar_mux_006   ; --             ;
; IP_TOOL_VERSION                     ; 13.1                                                        ; --            ; Mega_JSoC_onchip_mem_1b                        ; --             ;
; IP_TOOL_VERSION                     ; 13.1                                                        ; --            ; Mega_JSoC_onchip_mem_1c                        ; --             ;
; IP_TOOL_VERSION                     ; 13.1                                                        ; --            ; Mega_JSoC_onchip_mem_1d                        ; --             ;
; IP_TOOL_VERSION                     ; 13.1                                                        ; --            ; Mega_JSoC_onchip_mem_1e                        ; --             ;
; IP_TOOL_VERSION                     ; 13.1                                                        ; --            ; Mega_JSoC_onchip_mem_1f                        ; --             ;
; IP_TOOL_VERSION                     ; 13.1                                                        ; --            ; Mega_JSoC_pll                                  ; --             ;
; IP_TOOL_VERSION                     ; 13.1                                                        ; --            ; Mega_JSoC_sdram_controller                     ; --             ;
; IP_TOOL_VERSION                     ; 13.1                                                        ; --            ; Mega_JSoC_sys_id                               ; --             ;
; IP_TOOL_VERSION                     ; 13.1                                                        ; --            ; Mega_JSoC_sysid_1b                             ; --             ;
; IP_TOOL_VERSION                     ; 13.1                                                        ; --            ; Mega_JSoC_sysid_1c                             ; --             ;
; IP_TOOL_VERSION                     ; 13.1                                                        ; --            ; Mega_JSoC_sysid_1d                             ; --             ;
; IP_TOOL_VERSION                     ; 13.1                                                        ; --            ; Mega_JSoC_sysid_1e                             ; --             ;
; IP_TOOL_VERSION                     ; 13.1                                                        ; --            ; Mega_JSoC_sysid_1f                             ; --             ;
; IP_TOOL_VERSION                     ; 13.1                                                        ; --            ; Mega_JSoC_timer                                ; --             ;
; IP_TOOL_VERSION                     ; 13.1                                                        ; --            ; altera_avalon_sc_fifo                          ; --             ;
; IP_TOOL_VERSION                     ; 13.1                                                        ; --            ; altera_avalon_st_handshake_clock_crosser       ; --             ;
; IP_TOOL_VERSION                     ; 13.1                                                        ; --            ; altera_merlin_master_agent                     ; --             ;
; IP_TOOL_VERSION                     ; 13.1                                                        ; --            ; altera_merlin_master_translator                ; --             ;
; IP_TOOL_VERSION                     ; 13.1                                                        ; --            ; altera_merlin_slave_agent                      ; --             ;
; IP_TOOL_VERSION                     ; 13.1                                                        ; --            ; altera_merlin_slave_translator                 ; --             ;
; IP_TOOL_VERSION                     ; 13.1                                                        ; --            ; altera_reset_controller                        ; --             ;
; MAX_CORE_JUNCTION_TEMP              ; 85                                                          ; --            ; --                                             ; --             ;
; MIN_CORE_JUNCTION_TEMP              ; 0                                                           ; --            ; --                                             ; --             ;
; MISC_FILE                           ; Mega_JSoC/synthesis/../../Mega_JSoC.cmp                     ; --            ; --                                             ; --             ;
; MISC_FILE                           ; Mega_JSoC/synthesis/../../Mega_JSoC.qsys                    ; --            ; --                                             ; --             ;
; NOMINAL_CORE_SUPPLY_VOLTAGE         ; 1.2V                                                        ; --            ; --                                             ; --             ;
; PARTITION_COLOR                     ; 16764057                                                    ; --            ; --                                             ; Top            ;
; PARTITION_FITTER_PRESERVATION_LEVEL ; PLACEMENT_AND_ROUTING                                       ; --            ; --                                             ; Top            ;
; PARTITION_NETLIST_TYPE              ; SOURCE                                                      ; --            ; --                                             ; Top            ;
; POWER_BOARD_THERMAL_MODEL           ; None (CONSERVATIVE)                                         ; --            ; --                                             ; --             ;
; POWER_PRESET_COOLING_SOLUTION       ; 23 MM HEAT SINK WITH 200 LFPM AIRFLOW                       ; --            ; --                                             ; --             ;
; PROJECT_OUTPUT_DIRECTORY            ; output_files                                                ; --            ; --                                             ; --             ;
; SLD_FILE                            ; Mega_JSoC/synthesis/Mega_JSoC.regmap                        ; --            ; --                                             ; --             ;
; SLD_FILE                            ; Mega_JSoC/synthesis/Mega_JSoC.debuginfo                     ; --            ; --                                             ; --             ;
; SLD_INFO                            ; QSYS_NAME Mega_JSoC HAS_SOPCINFO 1 GENERATION_ID 1718188374 ; --            ; Mega_JSoC                                      ; --             ;
; SOPCINFO_FILE                       ; Mega_JSoC/synthesis/../../Mega_JSoC.sopcinfo                ; --            ; --                                             ; --             ;
; SYNTHESIS_ONLY_QIP                  ; On                                                          ; --            ; --                                             ; --             ;
+-------------------------------------+-------------------------------------------------------------+---------------+------------------------------------------------+----------------+


+-------------------------------------------------------------------------------------------------------------------------------+
; Flow Elapsed Time                                                                                                             ;
+---------------------------+--------------+-------------------------+---------------------+------------------------------------+
; Module Name               ; Elapsed Time ; Average Processors Used ; Peak Virtual Memory ; Total CPU Time (on all processors) ;
+---------------------------+--------------+-------------------------+---------------------+------------------------------------+
; Analysis & Synthesis      ; 00:01:12     ; 1.0                     ; 5238 MB             ; 00:01:03                           ;
; Fitter                    ; 00:01:07     ; 1.0                     ; 5478 MB             ; 00:01:01                           ;
; Assembler                 ; 00:00:07     ; 1.0                     ; 4706 MB             ; 00:00:05                           ;
; TimeQuest Timing Analyzer ; 00:00:10     ; 1.0                     ; 4920 MB             ; 00:00:07                           ;
; EDA Netlist Writer        ; 00:00:16     ; 1.0                     ; 4786 MB             ; 00:00:13                           ;
; Total                     ; 00:02:52     ; --                      ; --                  ; 00:02:29                           ;
+---------------------------+--------------+-------------------------+---------------------+------------------------------------+


+----------------------------------------------------------------------------------------+
; Flow OS Summary                                                                        ;
+---------------------------+------------------+-----------+------------+----------------+
; Module Name               ; Machine Hostname ; OS Name   ; OS Version ; Processor type ;
+---------------------------+------------------+-----------+------------+----------------+
; Analysis & Synthesis      ; LAPTOP-CHAMATH   ; Windows 7 ; 6.2        ; x86_64         ;
; Fitter                    ; LAPTOP-CHAMATH   ; Windows 7 ; 6.2        ; x86_64         ;
; Assembler                 ; LAPTOP-CHAMATH   ; Windows 7 ; 6.2        ; x86_64         ;
; TimeQuest Timing Analyzer ; LAPTOP-CHAMATH   ; Windows 7 ; 6.2        ; x86_64         ;
; EDA Netlist Writer        ; LAPTOP-CHAMATH   ; Windows 7 ; 6.2        ; x86_64         ;
+---------------------------+------------------+-----------+------------+----------------+


------------
; Flow Log ;
------------
quartus_map --read_settings_files=on --write_settings_files=off JSoc -c TopLevel
quartus_fit --read_settings_files=off --write_settings_files=off JSoc -c TopLevel
quartus_asm --read_settings_files=off --write_settings_files=off JSoc -c TopLevel
quartus_sta JSoc -c TopLevel
quartus_eda --read_settings_files=off --write_settings_files=off JSoc -c TopLevel



