Flow report for TopLevel
Sun May 12 18:07:54 2024
Quartus II 64-Bit Version 13.1.0 Build 162 10/23/2013 SJ Web Edition


---------------------
; Table of Contents ;
---------------------
  1. Legal Notice
  2. Flow Summary
  3. Flow Settings
  4. Flow Non-Default Global Settings
  5. Flow Elapsed Time
  6. Flow OS Summary
  7. Flow Log
  8. Flow Messages
  9. Flow Suppressed Messages



----------------
; Legal Notice ;
----------------
Copyright (C) 1991-2013 Altera Corporation
Your use of Altera Corporation's design tools, logic functions 
and other software and tools, and its AMPP partner logic 
functions, and any output files from any of the foregoing 
(including device programming or simulation files), and any 
associated documentation or information are expressly subject 
to the terms and conditions of the Altera Program License 
Subscription Agreement, Altera MegaCore Function License 
Agreement, or other applicable license agreement, including, 
without limitation, that your use is for the sole purpose of 
programming logic devices manufactured by Altera and sold by 
Altera or its authorized distributors.  Please refer to the 
applicable agreement for further details.



+---------------------------------------------------------------------------------+
; Flow Summary                                                                    ;
+------------------------------------+--------------------------------------------+
; Flow Status                        ; Successful - Sun May 12 18:07:54 2024      ;
; Quartus II 64-Bit Version          ; 13.1.0 Build 162 10/23/2013 SJ Web Edition ;
; Revision Name                      ; TopLevel                                   ;
; Top-level Entity Name              ; TopLevel                                   ;
; Family                             ; Cyclone IV E                               ;
; Device                             ; EP4CE115F29C7                              ;
; Timing Models                      ; Final                                      ;
; Total logic elements               ; 3,912 / 114,480 ( 3 % )                    ;
;     Total combinational functions  ; 3,644 / 114,480 ( 3 % )                    ;
;     Dedicated logic registers      ; 2,064 / 114,480 ( 2 % )                    ;
; Total registers                    ; 2064                                       ;
; Total pins                         ; 1 / 529 ( < 1 % )                          ;
; Total virtual pins                 ; 0                                          ;
; Total memory bits                  ; 3,168,256 / 3,981,312 ( 80 % )             ;
; Embedded Multiplier 9-bit elements ; 0 / 532 ( 0 % )                            ;
; Total PLLs                         ; 0 / 4 ( 0 % )                              ;
+------------------------------------+--------------------------------------------+


+-----------------------------------------+
; Flow Settings                           ;
+-------------------+---------------------+
; Option            ; Setting             ;
+-------------------+---------------------+
; Start date & time ; 05/12/2024 18:06:32 ;
; Main task         ; Compilation         ;
; Revision Name     ; TopLevel            ;
+-------------------+---------------------+


+-----------------------------------------------------------------------------------------------------------------------------------------------------------------------------+
; Flow Non-Default Global Settings                                                                                                                                            ;
+-------------------------------------+---------------------------------------------------------+---------------+--------------------------------------------+----------------+
; Assignment Name                     ; Value                                                   ; Default Value ; Entity Name                                ; Section Id     ;
+-------------------------------------+---------------------------------------------------------+---------------+--------------------------------------------+----------------+
; COMPILER_SIGNATURE_ID               ; 92384137426708.171551739226736                          ; --            ; --                                         ; --             ;
; EDA_OUTPUT_DATA_FORMAT              ; Vhdl                                                    ; --            ; --                                         ; eda_simulation ;
; EDA_SIMULATION_TOOL                 ; ModelSim-Altera (VHDL)                                  ; <None>        ; --                                         ; --             ;
; IP_TOOL_ENV                         ; Qsys                                                    ; --            ; altera_avalon_sc_fifo                      ; --             ;
; IP_TOOL_ENV                         ; Qsys                                                    ; --            ; altera_merlin_master_agent                 ; --             ;
; IP_TOOL_ENV                         ; Qsys                                                    ; --            ; altera_merlin_master_translator            ; --             ;
; IP_TOOL_ENV                         ; Qsys                                                    ; --            ; altera_merlin_slave_agent                  ; --             ;
; IP_TOOL_ENV                         ; Qsys                                                    ; --            ; altera_merlin_slave_translator             ; --             ;
; IP_TOOL_ENV                         ; Qsys                                                    ; --            ; altera_reset_controller                    ; --             ;
; IP_TOOL_ENV                         ; Qsys                                                    ; --            ; mpsoc                                      ; --             ;
; IP_TOOL_ENV                         ; Qsys                                                    ; --            ; mpsoc_cpu0                                 ; --             ;
; IP_TOOL_ENV                         ; Qsys                                                    ; --            ; mpsoc_cpu1                                 ; --             ;
; IP_TOOL_ENV                         ; Qsys                                                    ; --            ; mpsoc_data_mem_shared                      ; --             ;
; IP_TOOL_ENV                         ; Qsys                                                    ; --            ; mpsoc_ins_mem_c0                           ; --             ;
; IP_TOOL_ENV                         ; Qsys                                                    ; --            ; mpsoc_ins_mem_c1                           ; --             ;
; IP_TOOL_ENV                         ; Qsys                                                    ; --            ; mpsoc_irq_mapper                           ; --             ;
; IP_TOOL_ENV                         ; Qsys                                                    ; --            ; mpsoc_jtag_uart_0                          ; --             ;
; IP_TOOL_ENV                         ; Qsys                                                    ; --            ; mpsoc_mm_interconnect_0                    ; --             ;
; IP_TOOL_ENV                         ; Qsys                                                    ; --            ; mpsoc_mm_interconnect_0_addr_router        ; --             ;
; IP_TOOL_ENV                         ; Qsys                                                    ; --            ; mpsoc_mm_interconnect_0_addr_router_001    ; --             ;
; IP_TOOL_ENV                         ; Qsys                                                    ; --            ; mpsoc_mm_interconnect_0_addr_router_002    ; --             ;
; IP_TOOL_ENV                         ; Qsys                                                    ; --            ; mpsoc_mm_interconnect_0_addr_router_003    ; --             ;
; IP_TOOL_ENV                         ; Qsys                                                    ; --            ; mpsoc_mm_interconnect_0_cmd_xbar_demux     ; --             ;
; IP_TOOL_ENV                         ; Qsys                                                    ; --            ; mpsoc_mm_interconnect_0_cmd_xbar_demux_001 ; --             ;
; IP_TOOL_ENV                         ; Qsys                                                    ; --            ; mpsoc_mm_interconnect_0_cmd_xbar_mux       ; --             ;
; IP_TOOL_ENV                         ; Qsys                                                    ; --            ; mpsoc_mm_interconnect_0_cmd_xbar_mux_002   ; --             ;
; IP_TOOL_ENV                         ; Qsys                                                    ; --            ; mpsoc_mm_interconnect_0_cmd_xbar_mux_003   ; --             ;
; IP_TOOL_ENV                         ; Qsys                                                    ; --            ; mpsoc_mm_interconnect_0_id_router          ; --             ;
; IP_TOOL_ENV                         ; Qsys                                                    ; --            ; mpsoc_mm_interconnect_0_id_router_002      ; --             ;
; IP_TOOL_ENV                         ; Qsys                                                    ; --            ; mpsoc_mm_interconnect_0_id_router_003      ; --             ;
; IP_TOOL_ENV                         ; Qsys                                                    ; --            ; mpsoc_mm_interconnect_0_id_router_005      ; --             ;
; IP_TOOL_ENV                         ; Qsys                                                    ; --            ; mpsoc_mm_interconnect_0_id_router_008      ; --             ;
; IP_TOOL_ENV                         ; Qsys                                                    ; --            ; mpsoc_mm_interconnect_0_rsp_xbar_demux     ; --             ;
; IP_TOOL_ENV                         ; Qsys                                                    ; --            ; mpsoc_mm_interconnect_0_rsp_xbar_demux_002 ; --             ;
; IP_TOOL_ENV                         ; Qsys                                                    ; --            ; mpsoc_mm_interconnect_0_rsp_xbar_demux_003 ; --             ;
; IP_TOOL_ENV                         ; Qsys                                                    ; --            ; mpsoc_mm_interconnect_0_rsp_xbar_mux       ; --             ;
; IP_TOOL_ENV                         ; Qsys                                                    ; --            ; mpsoc_mm_interconnect_0_rsp_xbar_mux_001   ; --             ;
; IP_TOOL_ENV                         ; Qsys                                                    ; --            ; mpsoc_sysid_0                              ; --             ;
; IP_TOOL_ENV                         ; Qsys                                                    ; --            ; mpsoc_sysid_1                              ; --             ;
; IP_TOOL_ENV                         ; Qsys                                                    ; --            ; mpsoc_timer_0                              ; --             ;
; IP_TOOL_NAME                        ; altera_avalon_sc_fifo                                   ; --            ; altera_avalon_sc_fifo                      ; --             ;
; IP_TOOL_NAME                        ; altera_merlin_master_agent                              ; --            ; altera_merlin_master_agent                 ; --             ;
; IP_TOOL_NAME                        ; altera_merlin_master_translator                         ; --            ; altera_merlin_master_translator            ; --             ;
; IP_TOOL_NAME                        ; altera_merlin_slave_agent                               ; --            ; altera_merlin_slave_agent                  ; --             ;
; IP_TOOL_NAME                        ; altera_merlin_slave_translator                          ; --            ; altera_merlin_slave_translator             ; --             ;
; IP_TOOL_NAME                        ; altera_reset_controller                                 ; --            ; altera_reset_controller                    ; --             ;
; IP_TOOL_NAME                        ; Qsys                                                    ; --            ; mpsoc                                      ; --             ;
; IP_TOOL_NAME                        ; altera_nios2_qsys                                       ; --            ; mpsoc_cpu0                                 ; --             ;
; IP_TOOL_NAME                        ; altera_nios2_qsys                                       ; --            ; mpsoc_cpu1                                 ; --             ;
; IP_TOOL_NAME                        ; altera_avalon_onchip_memory2                            ; --            ; mpsoc_data_mem_shared                      ; --             ;
; IP_TOOL_NAME                        ; altera_avalon_onchip_memory2                            ; --            ; mpsoc_ins_mem_c0                           ; --             ;
; IP_TOOL_NAME                        ; altera_avalon_onchip_memory2                            ; --            ; mpsoc_ins_mem_c1                           ; --             ;
; IP_TOOL_NAME                        ; altera_irq_mapper                                       ; --            ; mpsoc_irq_mapper                           ; --             ;
; IP_TOOL_NAME                        ; altera_avalon_jtag_uart                                 ; --            ; mpsoc_jtag_uart_0                          ; --             ;
; IP_TOOL_NAME                        ; altera_merlin_interconnect_wrapper                      ; --            ; mpsoc_mm_interconnect_0                    ; --             ;
; IP_TOOL_NAME                        ; altera_merlin_router                                    ; --            ; mpsoc_mm_interconnect_0_addr_router        ; --             ;
; IP_TOOL_NAME                        ; altera_merlin_router                                    ; --            ; mpsoc_mm_interconnect_0_addr_router_001    ; --             ;
; IP_TOOL_NAME                        ; altera_merlin_router                                    ; --            ; mpsoc_mm_interconnect_0_addr_router_002    ; --             ;
; IP_TOOL_NAME                        ; altera_merlin_router                                    ; --            ; mpsoc_mm_interconnect_0_addr_router_003    ; --             ;
; IP_TOOL_NAME                        ; altera_merlin_demultiplexer                             ; --            ; mpsoc_mm_interconnect_0_cmd_xbar_demux     ; --             ;
; IP_TOOL_NAME                        ; altera_merlin_demultiplexer                             ; --            ; mpsoc_mm_interconnect_0_cmd_xbar_demux_001 ; --             ;
; IP_TOOL_NAME                        ; altera_merlin_multiplexer                               ; --            ; mpsoc_mm_interconnect_0_cmd_xbar_mux       ; --             ;
; IP_TOOL_NAME                        ; altera_merlin_multiplexer                               ; --            ; mpsoc_mm_interconnect_0_cmd_xbar_mux_002   ; --             ;
; IP_TOOL_NAME                        ; altera_merlin_multiplexer                               ; --            ; mpsoc_mm_interconnect_0_cmd_xbar_mux_003   ; --             ;
; IP_TOOL_NAME                        ; altera_merlin_router                                    ; --            ; mpsoc_mm_interconnect_0_id_router          ; --             ;
; IP_TOOL_NAME                        ; altera_merlin_router                                    ; --            ; mpsoc_mm_interconnect_0_id_router_002      ; --             ;
; IP_TOOL_NAME                        ; altera_merlin_router                                    ; --            ; mpsoc_mm_interconnect_0_id_router_003      ; --             ;
; IP_TOOL_NAME                        ; altera_merlin_router                                    ; --            ; mpsoc_mm_interconnect_0_id_router_005      ; --             ;
; IP_TOOL_NAME                        ; altera_merlin_router                                    ; --            ; mpsoc_mm_interconnect_0_id_router_008      ; --             ;
; IP_TOOL_NAME                        ; altera_merlin_demultiplexer                             ; --            ; mpsoc_mm_interconnect_0_rsp_xbar_demux     ; --             ;
; IP_TOOL_NAME                        ; altera_merlin_demultiplexer                             ; --            ; mpsoc_mm_interconnect_0_rsp_xbar_demux_002 ; --             ;
; IP_TOOL_NAME                        ; altera_merlin_demultiplexer                             ; --            ; mpsoc_mm_interconnect_0_rsp_xbar_demux_003 ; --             ;
; IP_TOOL_NAME                        ; altera_merlin_multiplexer                               ; --            ; mpsoc_mm_interconnect_0_rsp_xbar_mux       ; --             ;
; IP_TOOL_NAME                        ; altera_merlin_multiplexer                               ; --            ; mpsoc_mm_interconnect_0_rsp_xbar_mux_001   ; --             ;
; IP_TOOL_NAME                        ; altera_avalon_sysid_qsys                                ; --            ; mpsoc_sysid_0                              ; --             ;
; IP_TOOL_NAME                        ; altera_avalon_sysid_qsys                                ; --            ; mpsoc_sysid_1                              ; --             ;
; IP_TOOL_NAME                        ; altera_avalon_timer                                     ; --            ; mpsoc_timer_0                              ; --             ;
; IP_TOOL_VERSION                     ; 13.1                                                    ; --            ; altera_avalon_sc_fifo                      ; --             ;
; IP_TOOL_VERSION                     ; 13.1                                                    ; --            ; altera_merlin_master_agent                 ; --             ;
; IP_TOOL_VERSION                     ; 13.1                                                    ; --            ; altera_merlin_master_translator            ; --             ;
; IP_TOOL_VERSION                     ; 13.1                                                    ; --            ; altera_merlin_slave_agent                  ; --             ;
; IP_TOOL_VERSION                     ; 13.1                                                    ; --            ; altera_merlin_slave_translator             ; --             ;
; IP_TOOL_VERSION                     ; 13.1                                                    ; --            ; altera_reset_controller                    ; --             ;
; IP_TOOL_VERSION                     ; 13.1                                                    ; --            ; mpsoc                                      ; --             ;
; IP_TOOL_VERSION                     ; 13.1                                                    ; --            ; mpsoc_cpu0                                 ; --             ;
; IP_TOOL_VERSION                     ; 13.1                                                    ; --            ; mpsoc_cpu1                                 ; --             ;
; IP_TOOL_VERSION                     ; 13.1                                                    ; --            ; mpsoc_data_mem_shared                      ; --             ;
; IP_TOOL_VERSION                     ; 13.1                                                    ; --            ; mpsoc_ins_mem_c0                           ; --             ;
; IP_TOOL_VERSION                     ; 13.1                                                    ; --            ; mpsoc_ins_mem_c1                           ; --             ;
; IP_TOOL_VERSION                     ; 13.1                                                    ; --            ; mpsoc_irq_mapper                           ; --             ;
; IP_TOOL_VERSION                     ; 13.1                                                    ; --            ; mpsoc_jtag_uart_0                          ; --             ;
; IP_TOOL_VERSION                     ; 13.1                                                    ; --            ; mpsoc_mm_interconnect_0                    ; --             ;
; IP_TOOL_VERSION                     ; 13.1                                                    ; --            ; mpsoc_mm_interconnect_0_addr_router        ; --             ;
; IP_TOOL_VERSION                     ; 13.1                                                    ; --            ; mpsoc_mm_interconnect_0_addr_router_001    ; --             ;
; IP_TOOL_VERSION                     ; 13.1                                                    ; --            ; mpsoc_mm_interconnect_0_addr_router_002    ; --             ;
; IP_TOOL_VERSION                     ; 13.1                                                    ; --            ; mpsoc_mm_interconnect_0_addr_router_003    ; --             ;
; IP_TOOL_VERSION                     ; 13.1                                                    ; --            ; mpsoc_mm_interconnect_0_cmd_xbar_demux     ; --             ;
; IP_TOOL_VERSION                     ; 13.1                                                    ; --            ; mpsoc_mm_interconnect_0_cmd_xbar_demux_001 ; --             ;
; IP_TOOL_VERSION                     ; 13.1                                                    ; --            ; mpsoc_mm_interconnect_0_cmd_xbar_mux       ; --             ;
; IP_TOOL_VERSION                     ; 13.1                                                    ; --            ; mpsoc_mm_interconnect_0_cmd_xbar_mux_002   ; --             ;
; IP_TOOL_VERSION                     ; 13.1                                                    ; --            ; mpsoc_mm_interconnect_0_cmd_xbar_mux_003   ; --             ;
; IP_TOOL_VERSION                     ; 13.1                                                    ; --            ; mpsoc_mm_interconnect_0_id_router          ; --             ;
; IP_TOOL_VERSION                     ; 13.1                                                    ; --            ; mpsoc_mm_interconnect_0_id_router_002      ; --             ;
; IP_TOOL_VERSION                     ; 13.1                                                    ; --            ; mpsoc_mm_interconnect_0_id_router_003      ; --             ;
; IP_TOOL_VERSION                     ; 13.1                                                    ; --            ; mpsoc_mm_interconnect_0_id_router_005      ; --             ;
; IP_TOOL_VERSION                     ; 13.1                                                    ; --            ; mpsoc_mm_interconnect_0_id_router_008      ; --             ;
; IP_TOOL_VERSION                     ; 13.1                                                    ; --            ; mpsoc_mm_interconnect_0_rsp_xbar_demux     ; --             ;
; IP_TOOL_VERSION                     ; 13.1                                                    ; --            ; mpsoc_mm_interconnect_0_rsp_xbar_demux_002 ; --             ;
; IP_TOOL_VERSION                     ; 13.1                                                    ; --            ; mpsoc_mm_interconnect_0_rsp_xbar_demux_003 ; --             ;
; IP_TOOL_VERSION                     ; 13.1                                                    ; --            ; mpsoc_mm_interconnect_0_rsp_xbar_mux       ; --             ;
; IP_TOOL_VERSION                     ; 13.1                                                    ; --            ; mpsoc_mm_interconnect_0_rsp_xbar_mux_001   ; --             ;
; IP_TOOL_VERSION                     ; 13.1                                                    ; --            ; mpsoc_sysid_0                              ; --             ;
; IP_TOOL_VERSION                     ; 13.1                                                    ; --            ; mpsoc_sysid_1                              ; --             ;
; IP_TOOL_VERSION                     ; 13.1                                                    ; --            ; mpsoc_timer_0                              ; --             ;
; MAX_CORE_JUNCTION_TEMP              ; 85                                                      ; --            ; --                                         ; --             ;
; MIN_CORE_JUNCTION_TEMP              ; 0                                                       ; --            ; --                                         ; --             ;
; MISC_FILE                           ; mpsoc/synthesis/../../mpsoc.cmp                         ; --            ; --                                         ; --             ;
; MISC_FILE                           ; mpsoc/synthesis/../../mpsoc.qsys                        ; --            ; --                                         ; --             ;
; OUTPUT_IO_TIMING_FAR_END_VMEAS      ; Half Signal Swing                                       ; --            ; --                                         ; --             ;
; OUTPUT_IO_TIMING_FAR_END_VMEAS      ; Half Signal Swing                                       ; --            ; --                                         ; --             ;
; OUTPUT_IO_TIMING_NEAR_END_VMEAS     ; Half Vccio                                              ; --            ; --                                         ; --             ;
; OUTPUT_IO_TIMING_NEAR_END_VMEAS     ; Half Vccio                                              ; --            ; --                                         ; --             ;
; PARTITION_COLOR                     ; 16764057                                                ; --            ; --                                         ; Top            ;
; PARTITION_FITTER_PRESERVATION_LEVEL ; PLACEMENT_AND_ROUTING                                   ; --            ; --                                         ; Top            ;
; PARTITION_NETLIST_TYPE              ; SOURCE                                                  ; --            ; --                                         ; Top            ;
; POWER_BOARD_THERMAL_MODEL           ; None (CONSERVATIVE)                                     ; --            ; --                                         ; --             ;
; POWER_PRESET_COOLING_SOLUTION       ; 23 MM HEAT SINK WITH 200 LFPM AIRFLOW                   ; --            ; --                                         ; --             ;
; PROJECT_OUTPUT_DIRECTORY            ; output_files                                            ; --            ; --                                         ; --             ;
; SLD_FILE                            ; mpsoc/synthesis/mpsoc.regmap                            ; --            ; --                                         ; --             ;
; SLD_FILE                            ; mpsoc/synthesis/mpsoc.debuginfo                         ; --            ; --                                         ; --             ;
; SLD_INFO                            ; QSYS_NAME mpsoc HAS_SOPCINFO 1 GENERATION_ID 1715517271 ; --            ; mpsoc                                      ; --             ;
; SOPCINFO_FILE                       ; mpsoc/synthesis/../../mpsoc.sopcinfo                    ; --            ; --                                         ; --             ;
; SYNTHESIS_ONLY_QIP                  ; On                                                      ; --            ; --                                         ; --             ;
+-------------------------------------+---------------------------------------------------------+---------------+--------------------------------------------+----------------+


+-------------------------------------------------------------------------------------------------------------------------------+
; Flow Elapsed Time                                                                                                             ;
+---------------------------+--------------+-------------------------+---------------------+------------------------------------+
; Module Name               ; Elapsed Time ; Average Processors Used ; Peak Virtual Memory ; Total CPU Time (on all processors) ;
+---------------------------+--------------+-------------------------+---------------------+------------------------------------+
; Analysis & Synthesis      ; 00:00:25     ; 1.0                     ; 4827 MB             ; 00:00:17                           ;
; Fitter                    ; 00:00:30     ; 1.0                     ; 5265 MB             ; 00:00:23                           ;
; Assembler                 ; 00:00:07     ; 1.0                     ; 4670 MB             ; 00:00:04                           ;
; TimeQuest Timing Analyzer ; 00:00:06     ; 1.0                     ; 4774 MB             ; 00:00:03                           ;
; EDA Netlist Writer        ; 00:00:07     ; 1.0                     ; 4672 MB             ; 00:00:05                           ;
; Total                     ; 00:01:15     ; --                      ; --                  ; 00:00:52                           ;
+---------------------------+--------------+-------------------------+---------------------+------------------------------------+


+----------------------------------------------------------------------------------------+
; Flow OS Summary                                                                        ;
+---------------------------+------------------+-----------+------------+----------------+
; Module Name               ; Machine Hostname ; OS Name   ; OS Version ; Processor type ;
+---------------------------+------------------+-----------+------------+----------------+
; Analysis & Synthesis      ; LAPTOP-CHAMATH   ; Windows 7 ; 6.2        ; x86_64         ;
; Fitter                    ; LAPTOP-CHAMATH   ; Windows 7 ; 6.2        ; x86_64         ;
; Assembler                 ; LAPTOP-CHAMATH   ; Windows 7 ; 6.2        ; x86_64         ;
; TimeQuest Timing Analyzer ; LAPTOP-CHAMATH   ; Windows 7 ; 6.2        ; x86_64         ;
; EDA Netlist Writer        ; LAPTOP-CHAMATH   ; Windows 7 ; 6.2        ; x86_64         ;
+---------------------------+------------------+-----------+------------+----------------+


------------
; Flow Log ;
------------
quartus_map --read_settings_files=on --write_settings_files=off mpsoc_design -c TopLevel
quartus_fit --read_settings_files=off --write_settings_files=off mpsoc_design -c TopLevel
quartus_asm --read_settings_files=off --write_settings_files=off mpsoc_design -c TopLevel
quartus_sta mpsoc_design -c TopLevel
quartus_eda --read_settings_files=off --write_settings_files=off mpsoc_design -c TopLevel



