14:29:31 **** Incremental Build of configuration Nios II for project 1d_r ****
make all 
Info: Building ../1d_r_bsp/
C:/intelFPGA_lite/18.1/nios2eds/bin/gnu/H-x86_64-mingw32/bin/make --no-print-directory -C ../1d_r_bsp/
[BSP build complete]
Info: Compiling ../../HARD_PREP/1d/queue_wrapper.c to obj/default/queue_wrapper.o
nios2-elf-gcc -xc -MP -MMD -c -I../1d_r_bsp//HAL/inc -I../1d_r_bsp/ -I../1d_r_bsp//drivers/inc  -pipe -D__hal__ -DALT_NO_INSTRUCTION_EMULATION -DALT_SINGLE_THREADED    -O0 -g -Wall   -mno-hw-div -mno-hw-mul -mno-hw-mulx -mgpopt=global  -o obj/default/queue_wrapper.o ../../HARD_PREP/1d/queue_wrapper.c
Info: Linking 1d_r.elf
nios2-elf-g++  -T'../1d_r_bsp//linker.x' -msys-crt0='../1d_r_bsp//obj/HAL/src/crt0.o' -msys-lib=hal_bsp -L../1d_r_bsp/   -Wl,-Map=1d_r.map   -O0 -g -Wall   -mno-hw-div -mno-hw-mul -mno-hw-mulx -mgpopt=global  -o 1d_r.elf obj/default/main.o obj/default/queue_wrapper.o obj/default/queue.o -lm -msys-lib=m
nios2-elf-insert 1d_r.elf --thread_model hal --cpu_name cpu_1d --qsys true --simulation_enabled false --id 29 --sidp 0x8001080 --timestamp 1718692765 --stderr_dev jtag_uart_1d --stdin_dev jtag_uart_1d --stdout_dev jtag_uart_1d --sopc_system_name SDR_MSOC --quartus_project_dir "D:/SEM6/CO503/Lab04/BASELINE_18" --jdi ../..//output_files/TopLevel.jdi --sopcinfo D:/SEM6/CO503/Lab04/BASELINE_18/software/1d_r_bsp/../../SDR_MSOC.sopcinfo
Info: (1d_r.elf) 73 KBytes program size (code + initialized data).
Info:            47 KBytes free for stack + heap.
Info: Creating 1d_r.objdump
nios2-elf-objdump --disassemble --syms --all-header --source 1d_r.elf >1d_r.objdump
[1d_r build complete]
16:56:53 **** Build of configuration Nios II for project 1b_r ****
make all 
Info: Building ../1b_r_bsp/
C:/intelFPGA_lite/18.1/nios2eds/bin/gnu/H-x86_64-mingw32/bin/make --no-print-directory -C ../1b_r_bsp/
[BSP build complete]
[1b_r build complete]
16:56:55 **** Build of configuration Nios II for project 1b_r_bsp ****
make all 
[BSP build complete]
16:56:56 **** Build of configuration Nios II for project 1c_r ****
make all 
Info: Building ../1c_r_bsp/
C:/intelFPGA_lite/18.1/nios2eds/bin/gnu/H-x86_64-mingw32/bin/make --no-print-directory -C ../1c_r_bsp/
[BSP build complete]
[1c_r build complete]
16:56:57 **** Build of configuration Nios II for project 1c_r_bsp ****
make all 
[BSP build complete]
16:56:58 **** Incremental Build of configuration Nios II for project 1d_r ****
make all 
Info: Building ../1d_r_bsp/
C:/intelFPGA_lite/18.1/nios2eds/bin/gnu/H-x86_64-mingw32/bin/make --no-print-directory -C ../1d_r_bsp/
[BSP build complete]
Info: Compiling ../../HARD_PREP/1d/queue_wrapper.c to obj/default/queue_wrapper.o
nios2-elf-gcc -xc -MP -MMD -c -I../1d_r_bsp//HAL/inc -I../1d_r_bsp/ -I../1d_r_bsp//drivers/inc  -pipe -D__hal__ -DALT_NO_INSTRUCTION_EMULATION -DALT_SINGLE_THREADED    -O0 -g -Wall   -mno-hw-div -mno-hw-mul -mno-hw-mulx -mgpopt=global  -o obj/default/queue_wrapper.o ../../HARD_PREP/1d/queue_wrapper.c
Info: Linking 1d_r.elf
nios2-elf-g++  -T'../1d_r_bsp//linker.x' -msys-crt0='../1d_r_bsp//obj/HAL/src/crt0.o' -msys-lib=hal_bsp -L../1d_r_bsp/   -Wl,-Map=1d_r.map   -O0 -g -Wall   -mno-hw-div -mno-hw-mul -mno-hw-mulx -mgpopt=global  -o 1d_r.elf obj/default/main.o obj/default/queue_wrapper.o obj/default/queue.o -lm -msys-lib=m
nios2-elf-insert 1d_r.elf --thread_model hal --cpu_name cpu_1d --qsys true --simulation_enabled false --id 29 --sidp 0x8001080 --timestamp 1718692765 --stderr_dev jtag_uart_1d --stdin_dev jtag_uart_1d --stdout_dev jtag_uart_1d --sopc_system_name SDR_MSOC --quartus_project_dir "D:/SEM6/CO503/Lab04/BASELINE_18" --jdi ../..//output_files/TopLevel.jdi --sopcinfo D:/SEM6/CO503/Lab04/BASELINE_18/software/1d_r_bsp/../../SDR_MSOC.sopcinfo
Info: (1d_r.elf) 73 KBytes program size (code + initialized data).
Info:            47 KBytes free for stack + heap.
Info: Creating 1d_r.objdump
nios2-elf-objdump --disassemble --syms --all-header --source 1d_r.elf >1d_r.objdump
[1d_r build complete]
16:57:01 **** Build of configuration Nios II for project 1d_r_bsp ****
make all 
[BSP build complete]
16:57:03 **** Build of configuration Nios II for project 1e_r ****
make all 
Info: Building ../1e_r_bsp/
C:/intelFPGA_lite/18.1/nios2eds/bin/gnu/H-x86_64-mingw32/bin/make --no-print-directory -C ../1e_r_bsp/
[BSP build complete]
Info: Compiling ../../HARD_PREP/1e/queue_wrapper.c to obj/default/queue_wrapper.o
nios2-elf-gcc -xc -MP -MMD -c -I../1e_r_bsp//HAL/inc -I../1e_r_bsp/ -I../1e_r_bsp//drivers/inc  -pipe -D__hal__ -DALT_NO_INSTRUCTION_EMULATION -DALT_SINGLE_THREADED    -O0 -g -Wall   -mno-hw-div -mno-hw-mul -mno-hw-mulx -mgpopt=global  -o obj/default/queue_wrapper.o ../../HARD_PREP/1e/queue_wrapper.c
Info: Linking 1e_r.elf
nios2-elf-g++  -T'../1e_r_bsp//linker.x' -msys-crt0='../1e_r_bsp//obj/HAL/src/crt0.o' -msys-lib=hal_bsp -L../1e_r_bsp/   -Wl,-Map=1e_r.map   -O0 -g -Wall   -mno-hw-div -mno-hw-mul -mno-hw-mulx -mgpopt=global  -o 1e_r.elf obj/default/main.o obj/default/queue_wrapper.o obj/default/queue.o -lm -msys-lib=m
nios2-elf-insert 1e_r.elf --thread_model hal --cpu_name cpu_1e --qsys true --simulation_enabled false --id 30 --sidp 0x8001080 --timestamp 1718692765 --stderr_dev jtag_uart_1e --stdin_dev jtag_uart_1e --stdout_dev jtag_uart_1e --sopc_system_name SDR_MSOC --quartus_project_dir "D:/SEM6/CO503/Lab04/BASELINE_18" --jdi ../..//output_files/TopLevel.jdi --sopcinfo D:/SEM6/CO503/Lab04/BASELINE_18/software/1e_r_bsp/../../SDR_MSOC.sopcinfo
Info: (1e_r.elf) 77 KBytes program size (code + initialized data).
Info:            41 KBytes free for stack + heap.
Info: Creating 1e_r.objdump
nios2-elf-objdump --disassemble --syms --all-header --source 1e_r.elf >1e_r.objdump
[1e_r build complete]
16:57:07 **** Build of configuration Nios II for project 1e_r_bsp ****
make all 
[BSP build complete]
02:00:23 **** Incremental Build of configuration Nios II for project 1b_r ****
make all 
Info: Building ../1b_r_bsp/
C:/intelFPGA_lite/18.1/nios2eds/bin/gnu/H-x86_64-mingw32/bin/make --no-print-directory -C ../1b_r_bsp/
[BSP build complete]
[1b_r build complete]
02:00:25 **** Incremental Build of configuration Nios II for project 1b_r_bsp ****
make all 
[BSP build complete]
02:00:26 **** Incremental Build of configuration Nios II for project 1c_r ****
make all 
Info: Building ../1c_r_bsp/
C:/intelFPGA_lite/18.1/nios2eds/bin/gnu/H-x86_64-mingw32/bin/make --no-print-directory -C ../1c_r_bsp/
[BSP build complete]
[1c_r build complete]
02:00:28 **** Incremental Build of configuration Nios II for project 1c_r_bsp ****
make all 
[BSP build complete]
02:00:29 **** Incremental Build of configuration Nios II for project 1d_r ****
make all 
Info: Building ../1d_r_bsp/
C:/intelFPGA_lite/18.1/nios2eds/bin/gnu/H-x86_64-mingw32/bin/make --no-print-directory -C ../1d_r_bsp/
[BSP build complete]
[1d_r build complete]
02:00:31 **** Incremental Build of configuration Nios II for project 1d_r_bsp ****
make all 
[BSP build complete]
02:00:32 **** Incremental Build of configuration Nios II for project 1e_r ****
make all 
Info: Building ../1e_r_bsp/
C:/intelFPGA_lite/18.1/nios2eds/bin/gnu/H-x86_64-mingw32/bin/make --no-print-directory -C ../1e_r_bsp/
[BSP build complete]
[1e_r build complete]
02:00:33 **** Incremental Build of configuration Nios II for project 1e_r_bsp ****
make all 
[BSP build complete]
02:11:39 **** Incremental Build of configuration Nios II for project 1b_r ****
make all 
Info: Building ../1b_r_bsp/
C:/intelFPGA_lite/18.1/nios2eds/bin/gnu/H-x86_64-mingw32/bin/make --no-print-directory -C ../1b_r_bsp/
[BSP build complete]
[1b_r build complete]
02:11:40 **** Incremental Build of configuration Nios II for project 1b_r_bsp ****
make all 
[BSP build complete]
02:11:41 **** Incremental Build of configuration Nios II for project 1c_r ****
make all 
Info: Building ../1c_r_bsp/
C:/intelFPGA_lite/18.1/nios2eds/bin/gnu/H-x86_64-mingw32/bin/make --no-print-directory -C ../1c_r_bsp/
[BSP build complete]
[1c_r build complete]
02:11:42 **** Incremental Build of configuration Nios II for project 1c_r_bsp ****
make all 
[BSP build complete]
02:11:43 **** Incremental Build of configuration Nios II for project 1d_r ****
make all 
Info: Building ../1d_r_bsp/
C:/intelFPGA_lite/18.1/nios2eds/bin/gnu/H-x86_64-mingw32/bin/make --no-print-directory -C ../1d_r_bsp/
[BSP build complete]
[1d_r build complete]
02:11:44 **** Incremental Build of configuration Nios II for project 1d_r_bsp ****
make all 
[BSP build complete]
02:11:45 **** Incremental Build of configuration Nios II for project 1e_r ****
make all 
Info: Building ../1e_r_bsp/
C:/intelFPGA_lite/18.1/nios2eds/bin/gnu/H-x86_64-mingw32/bin/make --no-print-directory -C ../1e_r_bsp/
[BSP build complete]
Info: Compiling ../../HARD_PREP/1e/queue_wrapper.c to obj/default/queue_wrapper.o
nios2-elf-gcc -xc -MP -MMD -c -I../1e_r_bsp//HAL/inc -I../1e_r_bsp/ -I../1e_r_bsp//drivers/inc  -pipe -D__hal__ -DALT_NO_INSTRUCTION_EMULATION -DALT_SINGLE_THREADED    -O0 -g -Wall   -mno-hw-div -mno-hw-mul -mno-hw-mulx -mgpopt=global  -o obj/default/queue_wrapper.o ../../HARD_PREP/1e/queue_wrapper.c
Info: Linking 1e_r.elf
nios2-elf-g++  -T'../1e_r_bsp//linker.x' -msys-crt0='../1e_r_bsp//obj/HAL/src/crt0.o' -msys-lib=hal_bsp -L../1e_r_bsp/   -Wl,-Map=1e_r.map   -O0 -g -Wall   -mno-hw-div -mno-hw-mul -mno-hw-mulx -mgpopt=global  -o 1e_r.elf obj/default/main.o obj/default/queue_wrapper.o obj/default/queue.o -lm -msys-lib=m
nios2-elf-insert 1e_r.elf --thread_model hal --cpu_name cpu_1e --qsys true --simulation_enabled false --id 30 --sidp 0x8001080 --timestamp 1718692765 --stderr_dev jtag_uart_1e --stdin_dev jtag_uart_1e --stdout_dev jtag_uart_1e --sopc_system_name SDR_MSOC --quartus_project_dir "D:/SEM6/CO503/Lab04/BASELINE_18" --jdi ../..//output_files/TopLevel.jdi --sopcinfo D:/SEM6/CO503/Lab04/BASELINE_18/software/1e_r_bsp/../../SDR_MSOC.sopcinfo
Info: (1e_r.elf) 77 KBytes program size (code + initialized data).
Info:            41 KBytes free for stack + heap.
Info: Creating 1e_r.objdump
nios2-elf-objdump --disassemble --syms --all-header --source 1e_r.elf >1e_r.objdump
[1e_r build complete]
02:11:49 **** Incremental Build of configuration Nios II for project 1e_r_bsp ****
make all 
[BSP build complete]
02:25:41 **** Incremental Build of configuration Nios II for project 1b_r ****
make all 
Info: Building ../1b_r_bsp/
C:/intelFPGA_lite/18.1/nios2eds/bin/gnu/H-x86_64-mingw32/bin/make --no-print-directory -C ../1b_r_bsp/
[BSP build complete]
[1b_r build complete]
02:25:42 **** Incremental Build of configuration Nios II for project 1b_r_bsp ****
make all 
[BSP build complete]
02:25:43 **** Incremental Build of configuration Nios II for project 1c_r ****
make all 
Info: Building ../1c_r_bsp/
C:/intelFPGA_lite/18.1/nios2eds/bin/gnu/H-x86_64-mingw32/bin/make --no-print-directory -C ../1c_r_bsp/
[BSP build complete]
[1c_r build complete]
02:25:44 **** Incremental Build of configuration Nios II for project 1c_r_bsp ****
make all 
[BSP build complete]
02:25:45 **** Incremental Build of configuration Nios II for project 1d_r ****
make all 
Info: Building ../1d_r_bsp/
C:/intelFPGA_lite/18.1/nios2eds/bin/gnu/H-x86_64-mingw32/bin/make --no-print-directory -C ../1d_r_bsp/
[BSP build complete]
[1d_r build complete]
02:25:46 **** Incremental Build of configuration Nios II for project 1d_r_bsp ****
make all 
[BSP build complete]
02:25:47 **** Incremental Build of configuration Nios II for project 1e_r ****
make all 
Info: Building ../1e_r_bsp/
C:/intelFPGA_lite/18.1/nios2eds/bin/gnu/H-x86_64-mingw32/bin/make --no-print-directory -C ../1e_r_bsp/
[BSP build complete]
Info: Compiling ../../HARD_PREP/1e/queue_wrapper.c to obj/default/queue_wrapper.o
nios2-elf-gcc -xc -MP -MMD -c -I../1e_r_bsp//HAL/inc -I../1e_r_bsp/ -I../1e_r_bsp//drivers/inc  -pipe -D__hal__ -DALT_NO_INSTRUCTION_EMULATION -DALT_SINGLE_THREADED    -O0 -g -Wall   -mno-hw-div -mno-hw-mul -mno-hw-mulx -mgpopt=global  -o obj/default/queue_wrapper.o ../../HARD_PREP/1e/queue_wrapper.c
Info: Linking 1e_r.elf
nios2-elf-g++  -T'../1e_r_bsp//linker.x' -msys-crt0='../1e_r_bsp//obj/HAL/src/crt0.o' -msys-lib=hal_bsp -L../1e_r_bsp/   -Wl,-Map=1e_r.map   -O0 -g -Wall   -mno-hw-div -mno-hw-mul -mno-hw-mulx -mgpopt=global  -o 1e_r.elf obj/default/main.o obj/default/queue_wrapper.o obj/default/queue.o -lm -msys-lib=m
nios2-elf-insert 1e_r.elf --thread_model hal --cpu_name cpu_1e --qsys true --simulation_enabled false --id 30 --sidp 0x8001080 --timestamp 1718692765 --stderr_dev jtag_uart_1e --stdin_dev jtag_uart_1e --stdout_dev jtag_uart_1e --sopc_system_name SDR_MSOC --quartus_project_dir "D:/SEM6/CO503/Lab04/BASELINE_18" --jdi ../..//output_files/TopLevel.jdi --sopcinfo D:/SEM6/CO503/Lab04/BASELINE_18/software/1e_r_bsp/../../SDR_MSOC.sopcinfo
Info: (1e_r.elf) 36 KBytes program size (code + initialized data).
Info:            83 KBytes free for stack + heap.
Info: Creating 1e_r.objdump
nios2-elf-objdump --disassemble --syms --all-header --source 1e_r.elf >1e_r.objdump
[1e_r build complete]
02:25:50 **** Incremental Build of configuration Nios II for project 1e_r_bsp ****
make all 
[BSP build complete]
